This is pdfTeX, Version 3.141592653-2.6-1.40.29 (TeX Live 2026) (preloaded format=pdflatex 2026.5.26)  26 MAY 2026 13:56
entering extended mode
 restricted \write18 enabled.
 %&-line parsing enabled.
**linuxkernelbook.tex
(./linuxkernelbook.tex
LaTeX2e <2025-11-01>
L3 programming layer <2026-05-15>
(./sphinxmanual.cls
Document Class: sphinxmanual 2019/12/01 v2.3.0 Document class (Sphinx manual)
(/usr/local/texlive/2026/texmf-dist/tex/latex/base/report.cls
Document Class: report 2025/01/22 v1.4n Standard LaTeX document class
(/usr/local/texlive/2026/texmf-dist/tex/latex/base/size10.clo
File: size10.clo 2025/01/22 v1.4n Standard LaTeX file (size option)
)
\c@part=\count276
\c@chapter=\count277
\c@section=\count278
\c@subsection=\count279
\c@subsubsection=\count280
\c@paragraph=\count281
\c@subparagraph=\count282
\c@figure=\count283
\c@table=\count284
\abovecaptionskip=\skip49
\belowcaptionskip=\skip50
\bibindent=\dimen150
)
LaTeX Info: Redefining \and on input line 35.
)
\sphinxremdimen=\dimen151

(/usr/local/texlive/2026/texmf-dist/tex/latex/base/inputenc.sty
Package: inputenc 2024/02/08 v1.3d Input encoding file
\inpenc@prehook=\toks17
\inpenc@posthook=\toks18
)
   defining Unicode char U+00A0 (decimal 160)
   defining Unicode char U+2500 (decimal 9472)
   defining Unicode char U+2502 (decimal 9474)
   defining Unicode char U+2514 (decimal 9492)
   defining Unicode char U+251C (decimal 9500)
   defining Unicode char U+2572 (decimal 9586)

(/usr/local/texlive/2026/texmf-dist/tex/latex/cmap/cmap.sty
Package: cmap 2021/02/06 v1.0j CMap support: searchable PDF
)
(/usr/local/texlive/2026/texmf-dist/tex/latex/base/fontenc.sty
Package: fontenc 2025/07/18 v2.1d Standard LaTeX package
<<t1.cmap>>)
(/usr/local/texlive/2026/texmf-dist/tex/latex/amsmath/amsmath.sty
Package: amsmath 2025/07/09 v2.17z AMS math features
\@mathmargin=\skip51

For additional information on amsmath, use the `?' option.
(/usr/local/texlive/2026/texmf-dist/tex/latex/amsmath/amstext.sty
Package: amstext 2024/11/17 v2.01 AMS text

(/usr/local/texlive/2026/texmf-dist/tex/latex/amsmath/amsgen.sty
File: amsgen.sty 1999/11/30 v2.0 generic functions
\@emptytoks=\toks19
\ex@=\dimen152
))
(/usr/local/texlive/2026/texmf-dist/tex/latex/amsmath/amsbsy.sty
Package: amsbsy 1999/11/29 v1.2d Bold Symbols
\pmbraise@=\dimen153
)
(/usr/local/texlive/2026/texmf-dist/tex/latex/amsmath/amsopn.sty
Package: amsopn 2022/04/08 v2.04 operator names
)
\inf@bad=\count285
LaTeX Info: Redefining \frac on input line 233.
\uproot@=\count286
\leftroot@=\count287
LaTeX Info: Redefining \overline on input line 398.
LaTeX Info: Redefining \colon on input line 409.
\classnum@=\count288
\DOTSCASE@=\count289
LaTeX Info: Redefining \ldots on input line 495.
LaTeX Info: Redefining \dots on input line 498.
LaTeX Info: Redefining \cdots on input line 619.
\Mathstrutbox@=\box53
\strutbox@=\box54
LaTeX Info: Redefining \big on input line 721.
LaTeX Info: Redefining \Big on input line 722.
LaTeX Info: Redefining \bigg on input line 723.
LaTeX Info: Redefining \Bigg on input line 724.
\big@size=\dimen154
LaTeX Font Info:    Redeclaring font encoding OML on input line 742.
LaTeX Font Info:    Redeclaring font encoding OMS on input line 743.
\macc@depth=\count290
LaTeX Info: Redefining \bmod on input line 904.
LaTeX Info: Redefining \pmod on input line 909.
LaTeX Info: Redefining \smash on input line 939.
LaTeX Info: Redefining \relbar on input line 969.
LaTeX Info: Redefining \Relbar on input line 970.
\c@MaxMatrixCols=\count291
\dotsspace@=\muskip17
\c@parentequation=\count292
\dspbrk@lvl=\count293
\tag@help=\toks20
\row@=\count294
\column@=\count295
\maxfields@=\count296
\andhelp@=\toks21
\eqnshift@=\dimen155
\alignsep@=\dimen156
\tagshift@=\dimen157
\tagwidth@=\dimen158
\totwidth@=\dimen159
\lineht@=\dimen160
\@envbody=\toks22
\multlinegap=\skip52
\multlinetaggap=\skip53
\mathdisplay@stack=\toks23
LaTeX Info: Redefining \[ on input line 2950.
LaTeX Info: Redefining \] on input line 2951.
)
(/usr/local/texlive/2026/texmf-dist/tex/latex/amsfonts/amssymb.sty
Package: amssymb 2013/01/14 v3.01 AMS font symbols

(/usr/local/texlive/2026/texmf-dist/tex/latex/amsfonts/amsfonts.sty
Package: amsfonts 2013/01/14 v3.01 Basic AMSFonts support
\symAMSa=\mathgroup4
\symAMSb=\mathgroup5
LaTeX Font Info:    Redeclaring math symbol \hbar on input line 98.
LaTeX Font Info:    Overwriting math alphabet `\mathfrak' in version `bold'
(Font)                  U/euf/m/n --> U/euf/b/n on input line 106.
))
(/usr/local/texlive/2026/texmf-dist/tex/generic/babel/babel.sty
Package: babel 2026/05/20 v26.8 The multilingual framework for LuaLaTeX, pdfLaT
eX and XeLaTeX
\babel@savecnt=\count297
LaTeX Encoding Info:    Redeclaring text command \ij (encoding OT1) on input li
ne 2084.
LaTeX Encoding Info:    Redeclaring text command \IJ (encoding OT1) on input li
ne 2086.
LaTeX Encoding Info:    Redeclaring text command \ij (encoding T1) on input lin
e 2088.
LaTeX Encoding Info:    Redeclaring text command \IJ (encoding T1) on input lin
e 2089.
LaTeX Encoding Info:    Ignoring declaration for text command \ij (encoding ?) 
on input line 2090.
LaTeX Encoding Info:    Ignoring declaration for text command \IJ (encoding ?) 
on input line 2092.
LaTeX Encoding Info:    Ignoring declaration for text command \SS (encoding ?) 
on input line 2117.
\U@D=\dimen161
\l@unhyphenated=\language91

(/usr/local/texlive/2026/texmf-dist/tex/generic/babel/txtbabel.def)
\bbl@readstream=\read2
\bbl@dirlevel=\count298

(/usr/local/texlive/2026/texmf-dist/tex/generic/babel/locale/tr/babel-turkish.t
ex)
Package babel Info: Importing font and identification data for turkish
(babel)             from babel-tr.ini. Reported on input line 4356.
 (/usr/local/texlive/2026/texmf-dist/tex/generic/babel-turkish/turkish.ldf
Language: turkish 2019/07/05 v1.4 Turkish support from the babel system
Package babel Info: Making : an active character on input line 163.
Package babel Info: Making ! an active character on input line 164.
Package babel Info: Making = an active character on input line 194.
)) (/usr/local/texlive/2026/texmf-dist/tex/latex/tex-gyre/tgtermes.sty
Package: tgtermes 2009/09/27 v1.2 TeX Gyre Termes as default roman family

(/usr/local/texlive/2026/texmf-dist/tex/latex/kvoptions/kvoptions.sty
Package: kvoptions 2022-06-15 v3.15 Key value format for package options (HO)

(/usr/local/texlive/2026/texmf-dist/tex/latex/graphics/keyval.sty
Package: keyval 2022/05/29 v1.15 key=value parser (DPC)
\KV@toks@=\toks24
)
(/usr/local/texlive/2026/texmf-dist/tex/generic/ltxcmds/ltxcmds.sty
Package: ltxcmds 2023-12-04 v1.26 LaTeX kernel commands for general use (HO)
)
(/usr/local/texlive/2026/texmf-dist/tex/latex/kvsetkeys/kvsetkeys.sty
Package: kvsetkeys 2022-10-05 v1.19 Key value parser (HO)
)))
(/usr/local/texlive/2026/texmf-dist/tex/latex/tex-gyre/tgheros.sty
Package: tgheros 2009/09/27 v1.2 TeX Gyre Heros as default sans serif family
)
(/usr/local/texlive/2026/texmf-dist/tex/latex/fncychap/fncychap.sty
Package: fncychap 2007/07/30 v1.34 LaTeX package (Revised chapters)
\RW=\skip54
\mylen=\skip55
\myhi=\skip56
\px=\skip57
\py=\skip58
\pyy=\skip59
\pxx=\skip60
)
(./sphinx.sty
Package: sphinx 2025/12/26 v9.1.0 Sphinx LaTeX package (sphinx-doc)
 (/usr/local/texlive/2026/texmf-dist/tex/latex/xcolor/xcolor.sty
Package: xcolor 2024/09/29 v3.02 LaTeX color extensions (UK)

(/usr/local/texlive/2026/texmf-dist/tex/latex/graphics-cfg/color.cfg
File: color.cfg 2016/01/02 v1.6 sample color configuration
)
Package xcolor Info: Driver file: pdftex.def on input line 274.

(/usr/local/texlive/2026/texmf-dist/tex/latex/graphics-def/pdftex.def
File: pdftex.def 2025/09/29 v1.2d Graphics/color driver for pdftex
)
(/usr/local/texlive/2026/texmf-dist/tex/latex/graphics/mathcolor.ltx)
Package xcolor Info: Model `cmy' substituted by `cmy0' on input line 1349.
Package xcolor Info: Model `hsb' substituted by `rgb' on input line 1353.
Package xcolor Info: Model `RGB' extended on input line 1365.
Package xcolor Info: Model `HTML' substituted by `rgb' on input line 1367.
Package xcolor Info: Model `Hsb' substituted by `hsb' on input line 1368.
Package xcolor Info: Model `tHsb' substituted by `hsb' on input line 1369.
Package xcolor Info: Model `HSB' substituted by `hsb' on input line 1370.
Package xcolor Info: Model `Gray' substituted by `gray' on input line 1371.
Package xcolor Info: Model `wave' substituted by `hsb' on input line 1372.
)
(./sphinxoptionshyperref.sty
Package: sphinxoptionshyperref 2021/01/27 hyperref
) (./sphinxoptionsgeometry.sty
Package: sphinxoptionsgeometry 2021/01/27 geometry
)
(/usr/local/texlive/2026/texmf-dist/tex/latex/base/textcomp.sty
Package: textcomp 2024/04/24 v2.1b Standard LaTeX package
)
(/usr/local/texlive/2026/texmf-dist/tex/latex/float/float.sty
Package: float 2001/11/08 v1.3d Float enhancements (AL)
\c@float@type=\count299
\float@exts=\toks25
\float@box=\box55
\@float@everytoks=\toks26
\@floatcapt=\box56
)
(/usr/local/texlive/2026/texmf-dist/tex/latex/wrapfig/wrapfig.sty
\wrapoverhang=\dimen162
\WF@size=\dimen163
\c@WF@wrappedlines=\count300
\WF@box=\box57
\WF@everypar=\toks27
Package: wrapfig 2003/01/31  v 3.6
)
(/usr/local/texlive/2026/texmf-dist/tex/latex/capt-of/capt-of.sty
Package: capt-of 2009/12/29 v0.2 standard captions outside of floats
)
(/usr/local/texlive/2026/texmf-dist/tex/latex/tools/multicol.sty
Package: multicol 2025/10/21 v2.0b multicolumn formatting (FMi)
\c@tracingmulticols=\count301
\mult@box=\box58
\multicol@leftmargin=\dimen164
\c@unbalance=\count302
\c@collectmore=\count303
\doublecol@number=\count304
\multicoltolerance=\count305
\multicolpretolerance=\count306
\full@width=\dimen165
\page@free=\dimen166
\premulticols=\dimen167
\postmulticols=\dimen168
\multicolsep=\skip61
\multicolbaselineskip=\skip62
\partial@page=\box59
\last@line=\box60
\mc@boxedresult=\box61
\maxbalancingoverflow=\dimen169
\mult@rightbox=\box62
\mult@grightbox=\box63
\mult@firstbox=\box64
\mult@gfirstbox=\box65
\@tempa=\box66
\@tempa=\box67
\@tempa=\box68
\@tempa=\box69
\@tempa=\box70
\@tempa=\box71
\@tempa=\box72
\@tempa=\box73
\@tempa=\box74
\@tempa=\box75
\@tempa=\box76
\@tempa=\box77
\@tempa=\box78
\@tempa=\box79
\@tempa=\box80
\@tempa=\box81
\@tempa=\box82
\@tempa=\box83
\@tempa=\box84
\@tempa=\box85
\@tempa=\box86
\@tempa=\box87
\@tempa=\box88
\@tempa=\box89
\@tempa=\box90
\@tempa=\box91
\@tempa=\box92
\@tempa=\box93
\@tempa=\box94
\@tempa=\box95
\@tempa=\box96
\@tempa=\box97
\@tempa=\box98
\@tempa=\box99
\@tempa=\box100
\@tempa=\box101
\c@minrows=\count307
\c@columnbadness=\count308
\c@finalcolumnbadness=\count309
\last@try=\dimen170
\multicolovershoot=\dimen171
\multicolundershoot=\dimen172
\mult@nat@firstbox=\box102
\colbreak@box=\box103
\mc@col@check@num=\count310
\g__mc_curr_col_int=\count311
)
(/usr/local/texlive/2026/texmf-dist/tex/latex/graphics/graphicx.sty
Package: graphicx 2024/12/31 v1.2e Enhanced LaTeX Graphics (DPC,SPQR)

(/usr/local/texlive/2026/texmf-dist/tex/latex/graphics/graphics.sty
Package: graphics 2024/08/06 v1.4g Standard LaTeX Graphics (DPC,SPQR)

(/usr/local/texlive/2026/texmf-dist/tex/latex/graphics/trig.sty
Package: trig 2023/12/02 v1.11 sin cos tan (DPC)
)
(/usr/local/texlive/2026/texmf-dist/tex/latex/graphics-cfg/graphics.cfg
File: graphics.cfg 2016/06/04 v1.11 sample graphics configuration
)
Package graphics Info: Driver file: pdftex.def on input line 106.
)
\Gin@req@height=\dimen173
\Gin@req@width=\dimen174
)
(./sphinxlatexgraphics.sty
Package: sphinxlatexgraphics 2024/08/13 v8.1.0 graphics
\spx@image@maxheight=\dimen175
\spx@image@box=\box104
) (./sphinxpackageboxes.sty
Package: sphinxpackageboxes 2024/07/01 v7.4.0 advanced colored boxes

(/usr/local/texlive/2026/texmf-dist/tex/latex/pict2e/pict2e.sty
Package: pict2e 2020/09/30 v0.4b Improved picture commands (HjG,RN,JT)

(/usr/local/texlive/2026/texmf-dist/tex/latex/pict2e/pict2e.cfg
File: pict2e.cfg 2016/02/05 v0.1u pict2e configuration for teTeX/TeXLive
)
Package pict2e Info: Driver file: pdftex.def on input line 112.
Package pict2e Info: Driver file for pict2e: p2e-pdftex.def on input line 114.

(/usr/local/texlive/2026/texmf-dist/tex/latex/pict2e/p2e-pdftex.def
File: p2e-pdftex.def 2016/02/05 v0.1u Driver-dependant file (RN,HjG,JT)
)
\pIIe@GRAPH=\toks28
\@arclen=\dimen176
\@arcrad=\dimen177
\pIIe@tempdima=\dimen178
\pIIe@tempdimb=\dimen179
\pIIe@tempdimc=\dimen180
\pIIe@tempdimd=\dimen181
\pIIe@tempdime=\dimen182
\pIIe@tempdimf=\dimen183
)
(/usr/local/texlive/2026/texmf-dist/tex/latex/ellipse/ellipse.sty
Package: ellipse 2004/11/05 v1.0 .dtx ellipse file
)
\@tempdimd=\dimen184
\spx@tempboxa=\box105
\spx@tempboxb=\box106
\spx@boxes@border@top=\dimen185
\spx@boxes@border@right=\dimen186
\spx@boxes@border@bottom=\dimen187
\spx@boxes@border@left=\dimen188
\spx@boxes@padding@top=\dimen189
\spx@boxes@padding@right=\dimen190
\spx@boxes@padding@bottom=\dimen191
\spx@boxes@padding@left=\dimen192
\spx@boxes@shadow@xoffset=\dimen193
\spx@boxes@shadow@yoffset=\dimen194
\spx@boxes@radius@topleft@x=\dimen195
\spx@boxes@radius@topright@x=\dimen196
\spx@boxes@radius@bottomright@x=\dimen197
\spx@boxes@radius@bottomleft@x=\dimen198
\spx@boxes@radius@topleft@y=\dimen199
\spx@boxes@radius@topright@y=\dimen256
\spx@boxes@radius@bottomright@y=\dimen257
\spx@boxes@radius@bottomleft@y=\dimen258
)
(./sphinxlatexadmonitions.sty
Package: sphinxlatexadmonitions 2025/10/24 v9.0.0 admonitions

(/usr/local/texlive/2026/texmf-dist/tex/latex/framed/framed.sty
Package: framed 2011/10/22 v 0.96: framed or shaded text with page breaks
\OuterFrameSep=\skip63
\fb@frw=\dimen259
\fb@frh=\dimen260
\FrameRule=\dimen261
\FrameSep=\dimen262
)
(/usr/local/texlive/2026/texmf-dist/tex/latex/needspace/needspace.sty
Package: needspace 2025/03/13 v1.3e reserve vertical space
)
(./sphinxpackagefootnote.sty
Package: sphinxpackagefootnote 2025/11/15 v9.0.0 Sphinx custom footnotehyper pa
ckage (Sphinx team)
\FNH@notes=\box107
\FNH@toks=\toks29
\FNH@width=\dimen263
\c@sphinxfootnotemark=\count312
)
\spx@notice@border=\dimen264
\c@sphinxtodo=\count313
) (./sphinxlatexliterals.sty
Package: sphinxlatexliterals 2025/12/26 v9.1.0 code-blocks and parsed literals

(/usr/local/texlive/2026/texmf-dist/tex/latex/fancyvrb/fancyvrb.sty
Package: fancyvrb 2026/04/16 4.6a verbatim text (tvz,hv)
\FV@CodeLineNo=\count314
\FV@InFile=\read3
\FV@TabBox=\box108
\c@FancyVerbLine=\count315
\FV@StepNumber=\count316
\FV@OutFile=\write3
)
(/usr/local/texlive/2026/texmf-dist/tex/latex/base/alltt.sty
Package: alltt 2024/07/07 v2.0g defines alltt environment
)
(/usr/local/texlive/2026/texmf-dist/tex/latex/upquote/upquote.sty
Package: upquote 2012/04/19 v1.3 upright-quote and grave-accent glyphs in verba
tim
)
\sphinxcontinuationbox=\box109
\sphinxvisiblespacebox=\box110
\sphinxVerbatim@TitleBox=\box111
\sphinxVerbatim@ContentsBox=\box112
)
(./sphinxlatexshadowbox.sty
Package: sphinxlatexshadowbox 2024/07/28 v8.1.0 sphinxShadowBox
) (./sphinxlatexcontainers.sty
Package: sphinxlatexcontainers 2021/05/03 containers
)
(./sphinxhighlight.sty
Package: sphinxhighlight 2022/06/30 stylesheet for highlighting with pygments
) (./sphinxlatextables.sty
Package: sphinxlatextables 2025/12/30 v9.1.0 tables

(/usr/local/texlive/2026/texmf-dist/tex/latex/tabulary/tabulary.sty
Package: tabulary 2024/06/04 v0.11 tabulary package (DPC)

(/usr/local/texlive/2026/texmf-dist/tex/latex/tools/array.sty
Package: array 2025/09/25 v2.6n Tabular extension package (FMi)
\col@sep=\dimen265
\ar@mcellbox=\box113
\extrarowheight=\dimen266
\NC@list=\toks30
\extratabsurround=\skip64
\backup@length=\skip65
\ar@cellbox=\box114
)
\TY@count=\count317
\TY@linewidth=\dimen267
\tymin=\dimen268
\tymax=\dimen269
\TY@tablewidth=\dimen270
)
(/usr/local/texlive/2026/texmf-dist/tex/latex/tools/longtable.sty
Package: longtable 2025-10-13 v4.24 Multi-page Table package (DPC)
\LTleft=\skip66
\LTright=\skip67
\LTpre=\skip68
\LTpost=\skip69
\LTchunksize=\count318
\LTcapwidth=\dimen271
\LT@head=\box115
\LT@firsthead=\box116
\LT@foot=\box117
\LT@lastfoot=\box118
\LT@gbox=\box119
\LT@cols=\count319
\LT@rows=\count320
\c@LT@tables=\count321
\c@LT@chunks=\count322
\LT@p@ftn=\toks31
)
(/usr/local/texlive/2026/texmf-dist/tex/latex/varwidth/varwidth.sty
Package: varwidth 2009/03/30 ver 0.92;  Variable-width minipages
\@vwid@box=\box120
\sift@deathcycles=\count323
\@vwid@loff=\dimen272
\@vwid@roff=\dimen273
)
==> First Aid for varwidth.sty applied!
\sphinx@TY@tablewidth=\dimen274
(/usr/local/texlive/2026/texmf-dist/tex/latex/colortbl/colortbl.sty
Package: colortbl 2026/05/01 v1.0l Color table columns (DPC)
\everycr=\toks32
\minrowclearance=\skip70
\rownum=\count324
)
(/usr/local/texlive/2026/texmf-dist/tex/latex/booktabs/booktabs.sty
Package: booktabs 2020/01/12 v1.61803398 Publication quality tables
\heavyrulewidth=\dimen275
\lightrulewidth=\dimen276
\cmidrulewidth=\dimen277
\belowrulesep=\dimen278
\belowbottomsep=\dimen279
\aboverulesep=\dimen280
\abovetopsep=\dimen281
\cmidrulesep=\dimen282
\cmidrulekern=\dimen283
\defaultaddspace=\dimen284
\@cmidla=\count325
\@cmidlb=\count326
\@aboverulesep=\dimen285
\@belowrulesep=\dimen286
\@thisruleclass=\count327
\@lastruleclass=\count328
\@thisrulewidth=\dimen287
))
(./sphinxlatexnumfig.sty
Package: sphinxlatexnumfig 2024/07/31 v8.1.0 numbering
) (./sphinxlatexlists.sty
Package: sphinxlatexlists 2021/12/20 lists
\spx@lineitemlabel=\toks33
)
\c@sphinxscope=\count329
 (./sphinxlatexindbibtoc.sty
Package: sphinxlatexindbibtoc 2021/01/27 index, bib., toc

(/usr/local/texlive/2026/texmf-dist/tex/latex/base/makeidx.sty
Package: makeidx 2021/10/04 v1.0m Standard LaTeX package
))
(./sphinxlatexstylepage.sty
Package: sphinxlatexstylepage 2021/01/27 page styling

(/usr/local/texlive/2026/texmf-dist/tex/latex/parskip/parskip.sty
Package: parskip 2021-03-14 v2.0h non-zero parskip adjustments

(/usr/local/texlive/2026/texmf-dist/tex/latex/etoolbox/etoolbox.sty
Package: etoolbox 2025/10/02 v2.5m e-TeX tools for LaTeX (JAW)
\etb@tempcnta=\count330
))
(/usr/local/texlive/2026/texmf-dist/tex/latex/fancyhdr/fancyhdr.sty
Package: fancyhdr 2025/02/07 v5.2 Extensive control of page headers and footers

\f@nch@headwidth=\skip71
\f@nch@offset@elh=\skip72
\f@nch@offset@erh=\skip73
\f@nch@offset@olh=\skip74
\f@nch@offset@orh=\skip75
\f@nch@offset@elf=\skip76
\f@nch@offset@erf=\skip77
\f@nch@offset@olf=\skip78
\f@nch@offset@orf=\skip79
\f@nch@height=\skip80
\f@nch@footalignment=\skip81
\f@nch@widthL=\skip82
\f@nch@widthC=\skip83
\f@nch@widthR=\skip84
\@temptokenb=\toks34
))
(./sphinxlatexstyleheadings.sty
Package: sphinxlatexstyleheadings 2023/02/11 headings

(/usr/local/texlive/2026/texmf-dist/tex/latex/titlesec/titlesec.sty
Package: titlesec 2025/01/04 v2.17 Sectioning titles
\ttl@box=\box121
\beforetitleunit=\skip85
\aftertitleunit=\skip86
\ttl@plus=\dimen288
\ttl@minus=\dimen289
\ttl@toksa=\toks35
\titlewidth=\dimen290
\titlewidthlast=\dimen291
\titlewidthfirst=\dimen292
))
(./sphinxlatexstyletext.sty
Package: sphinxlatexstyletext 2025/05/24 v9.0.0 text styling
) (./sphinxlatexobjects.sty
Package: sphinxlatexobjects 2025/06/06 documentation environments
\sphinxsignaturesep=\skip87
\sphinxsignaturelistskip=\skip88
\py@argswidth=\skip89
\lineblockindentation=\skip90
\DUlineblockindent=\skip91
)
\sphinxvwdimen=\dimen293
\sphinxvhdimen=\dimen294
\sphinxvmindimen=\dimen295
\sphinxvmaxdimen=\dimen296
\sphinxQdimen=\dimen297
)
(/usr/local/texlive/2026/texmf-dist/tex/latex/geometry/geometry.sty
Package: geometry 2026/03/07 v6.0 Page Geometry

(/usr/local/texlive/2026/texmf-dist/tex/generic/iftex/ifvtex.sty
Package: ifvtex 2019/10/25 v1.7 ifvtex legacy package. Use iftex instead.

(/usr/local/texlive/2026/texmf-dist/tex/generic/iftex/iftex.sty
Package: iftex 2024/12/12 v1.0g TeX engine tests
))
\Gm@cnth=\count331
\Gm@cntv=\count332
\c@Gm@tempcnt=\count333
\Gm@bindingoffset=\dimen298
\Gm@wd@mp=\dimen299
\Gm@odd@mp=\dimen300
\Gm@even@mp=\dimen301
\Gm@layoutwidth=\dimen302
\Gm@layoutheight=\dimen303
\Gm@layouthoffset=\dimen304
\Gm@layoutvoffset=\dimen305
\Gm@dimlist=\toks36
)
(/usr/local/texlive/2026/texmf-dist/tex/latex/hyperref/hyperref.sty
Package: hyperref 2026-04-24 v7.01q Hypertext links for LaTeX

(/usr/local/texlive/2026/texmf-dist/tex/generic/kvdefinekeys/kvdefinekeys.sty
Package: kvdefinekeys 2019-12-19 v1.6 Define keys (HO)
)
(/usr/local/texlive/2026/texmf-dist/tex/generic/pdfescape/pdfescape.sty
Package: pdfescape 2019/12/09 v1.15 Implements pdfTeX's escape features (HO)

(/usr/local/texlive/2026/texmf-dist/tex/generic/pdftexcmds/pdftexcmds.sty
Package: pdftexcmds 2020-06-27 v0.33 Utility functions of pdfTeX for LuaTeX (HO
)

(/usr/local/texlive/2026/texmf-dist/tex/generic/infwarerr/infwarerr.sty
Package: infwarerr 2019/12/03 v1.5 Providing info/warning/error messages (HO)
)
Package pdftexcmds Info: \pdf@primitive is available.
Package pdftexcmds Info: \pdf@ifprimitive is available.
Package pdftexcmds Info: \pdfdraftmode found.
))
(/usr/local/texlive/2026/texmf-dist/tex/latex/hycolor/hycolor.sty
Package: hycolor 2020-01-27 v1.10 Color options for hyperref/bookmark (HO)
)
(/usr/local/texlive/2026/texmf-dist/tex/latex/hyperref/nameref.sty
Package: nameref 2026-01-29 v2.58 Cross-referencing by name of section

(/usr/local/texlive/2026/texmf-dist/tex/latex/refcount/refcount.sty
Package: refcount 2019/12/15 v3.6 Data extraction from label references (HO)
)
(/usr/local/texlive/2026/texmf-dist/tex/generic/gettitlestring/gettitlestring.s
ty
Package: gettitlestring 2019/12/15 v1.6 Cleanup title references (HO)
)
\c@section@level=\count334
) (/usr/local/texlive/2026/texmf-dist/tex/generic/stringenc/stringenc.sty
Package: stringenc 2019/11/29 v1.12 Convert strings between diff. encodings (HO
)
)
\@linkdim=\dimen306
\Hy@linkcounter=\count335
\Hy@pagecounter=\count336

(/usr/local/texlive/2026/texmf-dist/tex/latex/hyperref/pd1enc.def
File: pd1enc.def 2026-04-24 v7.01q Hyperref: PDFDocEncoding definition (HO)
Now handling font encoding PD1 ...
... no UTF-8 mapping file for font encoding PD1
)
(/usr/local/texlive/2026/texmf-dist/tex/generic/intcalc/intcalc.sty
Package: intcalc 2019/12/15 v1.3 Expandable calculations with integers (HO)
)
\Hy@SavedSpaceFactor=\count337

(/usr/local/texlive/2026/texmf-dist/tex/latex/hyperref/puenc.def
File: puenc.def 2026-04-24 v7.01q Hyperref: PDF Unicode definition (HO)
Now handling font encoding PU ...
... no UTF-8 mapping file for font encoding PU
)
Package hyperref Info: Option `unicode' set `true' on input line 4070.
Package hyperref Info: Option `colorlinks' set `true' on input line 4070.
Package hyperref Info: Option `breaklinks' set `true' on input line 4070.
Package hyperref Info: Hyper figures OFF on input line 4199.
Package hyperref Info: Link nesting OFF on input line 4204.
Package hyperref Info: Hyper index ON on input line 4207.
Package hyperref Info: Plain pages OFF on input line 4214.
Package hyperref Info: Backreferencing OFF on input line 4219.
Package hyperref Info: Implicit mode ON; LaTeX internals redefined.
Package hyperref Info: Bookmarks ON on input line 4466.
\c@Hy@tempcnt=\count338

(/usr/local/texlive/2026/texmf-dist/tex/latex/url/url.sty
\Urlmuskip=\muskip18
Package: url 2013/09/16  ver 3.4  Verb mode for urls, etc.
)
LaTeX Info: Redefining \url on input line 4805.
\XeTeXLinkMargin=\dimen307

(/usr/local/texlive/2026/texmf-dist/tex/generic/bitset/bitset.sty
Package: bitset 2019/12/09 v1.3 Handle bit-vector datatype (HO)

(/usr/local/texlive/2026/texmf-dist/tex/generic/bigintcalc/bigintcalc.sty
Package: bigintcalc 2019/12/15 v1.5 Expandable calculations on big integers (HO
)
))
\Fld@menulength=\count339
\Field@Width=\dimen308
\Fld@charsize=\dimen309
Package hyperref Info: Hyper figures OFF on input line 6091.
Package hyperref Info: Link nesting OFF on input line 6096.
Package hyperref Info: Hyper index ON on input line 6099.
Package hyperref Info: backreferencing OFF on input line 6106.
Package hyperref Info: Link coloring ON on input line 6109.
Package hyperref Info: Link coloring with OCG OFF on input line 6116.
Package hyperref Info: PDF/A mode OFF on input line 6121.
\Hy@abspage=\count340
\c@Item=\count341
\c@Hfootnote=\count342
)
Package hyperref Info: Driver (autodetected): hpdftex.

(/usr/local/texlive/2026/texmf-dist/tex/latex/hyperref/hpdftex.def
File: hpdftex.def 2026-04-24 v7.01q Hyperref driver for pdfTeX
\Fld@listcount=\count343
\c@bookmark@seq@number=\count344

(/usr/local/texlive/2026/texmf-dist/tex/latex/rerunfilecheck/rerunfilecheck.sty
Package: rerunfilecheck 2025-06-21 v1.11 Rerun checks for auxiliary files (HO)

(/usr/local/texlive/2026/texmf-dist/tex/generic/uniquecounter/uniquecounter.sty
Package: uniquecounter 2019/12/15 v1.4 Provide unlimited unique counter (HO)
)
Package uniquecounter Info: New unique counter `rerunfilecheck' on input line 2
84.
)
\Hy@SectionHShift=\skip92
) (/usr/local/texlive/2026/texmf-dist/tex/latex/hypcap/hypcap.sty
Package: hypcap 2024-07-26 v1.13 Adjusting the anchors of captions (HO)

(/usr/local/texlive/2026/texmf-dist/tex/latex/letltxmacro/letltxmacro.sty
Package: letltxmacro 2019/12/03 v1.6 Let assignment for LaTeX macros (HO)
))
(./sphinxmessages.sty
Package: sphinxmessages 2019/01/04 v2.0 Localized LaTeX macros (Sphinx team)
)
(/usr/local/texlive/2026/texmf-dist/tex/latex/newunicodechar/newunicodechar.sty
Package: newunicodechar 2018/04/08 v1.2 Defining Unicode characters
)

Package newunicodechar Warning: Redefining Unicode character on input line 70.


Package newunicodechar Warning: Redefining Unicode character on input line 71.


Package newunicodechar Warning: Redefining Unicode character on input line 72.

\@indexfile=\write4
\openout4 = `linuxkernelbook.idx'.

Writing index file linuxkernelbook.idx
LaTeX Font Info:    Trying to load font information for T1+qtm on input line 84
.
(/usr/local/texlive/2026/texmf-dist/tex/latex/tex-gyre/t1qtm.fd
File: t1qtm.fd 2009/09/25 v1.2 font definition file for T1/qtm
)
(/usr/local/texlive/2026/texmf-dist/tex/latex/l3backend/l3backend-pdftex.def
File: l3backend-pdftex.def 2026-02-18 L3 backend support: PDF output (pdfTeX)
\l__color_backend_stack_int=\count345
)
(./linuxkernelbook.aux
Package babel Info: 'turkish' activates 'turkish' shorthands.
(babel)             Reported on input line 10.
)
\openout1 = `linuxkernelbook.aux'.

LaTeX Font Info:    Checking defaults for OML/cmm/m/it on input line 84.
LaTeX Font Info:    ... okay on input line 84.
LaTeX Font Info:    Checking defaults for OMS/cmsy/m/n on input line 84.
LaTeX Font Info:    ... okay on input line 84.
LaTeX Font Info:    Checking defaults for OT1/cmr/m/n on input line 84.
LaTeX Font Info:    ... okay on input line 84.
LaTeX Font Info:    Checking defaults for T1/cmr/m/n on input line 84.
LaTeX Font Info:    ... okay on input line 84.
LaTeX Font Info:    Checking defaults for TS1/cmr/m/n on input line 84.
LaTeX Font Info:    ... okay on input line 84.
LaTeX Font Info:    Checking defaults for OMX/cmex/m/n on input line 84.
LaTeX Font Info:    ... okay on input line 84.
LaTeX Font Info:    Checking defaults for U/cmr/m/n on input line 84.
LaTeX Font Info:    ... okay on input line 84.
LaTeX Font Info:    Checking defaults for PD1/pdf/m/n on input line 84.
LaTeX Font Info:    ... okay on input line 84.
LaTeX Font Info:    Checking defaults for PU/pdf/m/n on input line 84.
LaTeX Font Info:    ... okay on input line 84.

(/usr/local/texlive/2026/texmf-dist/tex/context/base/mkii/supp-pdf.mkii
[Loading MPS to PDF converter (version 2006.09.02).]
\scratchcounter=\count346
\scratchdimen=\dimen310
\scratchbox=\box122
\nofMPsegments=\count347
\nofMParguments=\count348
\everyMPshowfont=\toks37
\MPscratchCnt=\count349
\MPscratchDim=\dimen311
\MPnumerator=\count350
\makeMPintoPDFobject=\count351
\everyMPtoPDFconversion=\toks38
) (/usr/local/texlive/2026/texmf-dist/tex/latex/epstopdf-pkg/epstopdf-base.sty
Package: epstopdf-base 2020-01-24 v2.11 Base part for package epstopdf
Package epstopdf-base Info: Redefining graphics rule for `.eps' on input line 4
85.

(/usr/local/texlive/2026/texmf-dist/tex/latex/latexconfig/epstopdf-sys.cfg
File: epstopdf-sys.cfg 2010/07/13 v1.3 Configuration of (r)epstopdf for TeX Liv
e
))
(./fontawesome7.sty
Package: fontawesome7 2025/11/02 7.1.0-1 Font Awesome 7
)
\c@literalblock=\count352

*geometry* driver: auto-detecting
*geometry* detected driver: pdftex
*geometry* verbose mode - [ preamble ] result:
* driver: pdftex
* paper: a4paper
* layout: <same size as paper>
* layoutoffset:(h,v)=(0.0pt,0.0pt)
* modes: twoside 
* h-part:(L,W,R)=(28.45274pt, 540.60239pt, 28.45274pt)
* v-part:(T,H,B)=(56.9055pt, 731.23584pt, 56.9055pt)
* \paperwidth=597.50787pt
* \paperheight=845.04684pt
* \textwidth=540.60239pt
* \textheight=731.23584pt
* \oddsidemargin=-43.81725pt
* \evensidemargin=-43.81725pt
* \topmargin=-52.36449pt
* \headheight=12.0pt
* \headsep=25.0pt
* \topskip=10.0pt
* \footskip=30.0pt
* \marginparwidth=36.135pt
* \marginparsep=11.0pt
* \columnsep=10.0pt
* \skip\footins=9.0pt plus 4.0pt minus 2.0pt
* \hoffset=0.0pt
* \voffset=0.0pt
* \mag=1000
* \@twocolumnfalse
* \@twosidetrue
* \@mparswitchtrue
* \@reversemarginfalse
* (1in=72.27pt=25.4mm, 1cm=28.453pt)

Package hyperref Info: Link coloring ON on input line 84.
(./linuxkernelbook.out) (./linuxkernelbook.out)
\@outlinefile=\write5
\openout5 = `linuxkernelbook.out'.

Package hyperref Info: Option `pageanchor' set `false' on input line 92.
LaTeX Font Info:    Trying to load font information for T1+qhv on input line 92
.

(/usr/local/texlive/2026/texmf-dist/tex/latex/tex-gyre/t1qhv.fd
File: t1qhv.fd 2009/09/25 v1.2 font definition file for T1/qhv
)<<ot1.cmap>><<oml.cmap>><<oms.cmap>><<omx.cmap>>
LaTeX Font Info:    Trying to load font information for U+msa on input line 92.


(/usr/local/texlive/2026/texmf-dist/tex/latex/amsfonts/umsa.fd
File: umsa.fd 2013/01/14 v3.01 AMS symbols A
)
LaTeX Font Info:    Trying to load font information for U+msb on input line 92.


(/usr/local/texlive/2026/texmf-dist/tex/latex/amsfonts/umsb.fd
File: umsb.fd 2013/01/14 v3.01 AMS symbols B
) [1

{/usr/local/texlive/2026/texmf-var/fonts/map/pdftex/updmap/pdftex.map}{/usr/loc
al/texlive/2026/texmf-dist/fonts/enc/dvips/tex-gyre/q-ec.enc}] [2


] (./linuxkernelbook.toc
[1

]
LaTeX Font Info:    Trying to load font information for T1+txtt on input line 1
15.
 (/usr/local/texlive/2026/texmf-dist/tex/latex/txfonts/t1txtt.fd
File: t1txtt.fd 2000/12/15 v3.1
))
\tf@toc=\write6
\openout6 = `linuxkernelbook.toc'.

 [2]
Package babel Info: 'turkish' activates 'turkish' shorthands.
(babel)             Reported on input line 124.

[1

] [2

]
B\"ol\"um 1.
[3] [4]
LaTeX Font Info:    Trying to load font information for TS1+qtm on input line 4
47.
 (/usr/local/texlive/2026/texmf-dist/tex/latex/tex-gyre/ts1qtm.fd
File: ts1qtm.fd 2009/09/25 v1.2 font definition file for TS1/qtm
)
[5{/usr/local/texlive/2026/texmf-dist/fonts/enc/dvips/tex-gyre/q-ts1.enc}]
[6] [7] [8] [9] [10] [11] [12]
LaTeX Font Info:    Trying to load font information for TS1+txtt on input line 
1498.

(/usr/local/texlive/2026/texmf-dist/tex/latex/txfonts/ts1txtt.fd
File: ts1txtt.fd 2000/12/15 v3.1
) [13] [14]
LaTeX Font Info:    Font shape `T1/txtt/b/n' in size <10> not available
(Font)              Font shape `T1/txtt/bx/n' tried instead on input line 1652.


[15] [16] [17]
<graphviz-2eb08623d9f98bf468681086a9dc8433f58d030f.pdf, id=1012, 347.2975pt x 4
73.77pt>
File: graphviz-2eb08623d9f98bf468681086a9dc8433f58d030f.pdf Graphic file (type 
pdf)
<use graphviz-2eb08623d9f98bf468681086a9dc8433f58d030f.pdf>
Package pdftex.def Info: graphviz-2eb08623d9f98bf468681086a9dc8433f58d030f.pdf 
 used on input line 1908.
(pdftex.def)             Requested size: 347.29665pt x 473.76884pt.
 [18 <./graphviz-2eb08623d9f98bf468681086a9dc8433f58d030f.pdf>]
<graphviz-5dfbb4b6a4f89c35bcc81e4bf8240691fc0b7529.pdf, id=1039, 375.4025pt x 6
22.325pt>
File: graphviz-5dfbb4b6a4f89c35bcc81e4bf8240691fc0b7529.pdf Graphic file (type 
pdf)
<use graphviz-5dfbb4b6a4f89c35bcc81e4bf8240691fc0b7529.pdf>
Package pdftex.def Info: graphviz-5dfbb4b6a4f89c35bcc81e4bf8240691fc0b7529.pdf 
 used on input line 1972.
(pdftex.def)             Requested size: 375.40158pt x 622.32347pt.

[19] [20 <./graphviz-5dfbb4b6a4f89c35bcc81e4bf8240691fc0b7529.pdf>]
B\"ol\"um 2.
[21

] [22] [23]
LaTeX Font Info:    Font shape `T1/txtt/m/it' in size <10> not available
(Font)              Font shape `T1/txtt/m/sl' tried instead on input line 2354.

LaTeX Font Info:    Font shape `TS1/txtt/m/it' in size <10> not available
(Font)              Font shape `TS1/txtt/m/sl' tried instead on input line 2354
.
 [24{/usr/local/texlive/2026/texmf-dist/fonts/enc/dvips/base/8r.enc}] [25] [26]

Underfull \hbox (badness 7273) in paragraph at lines 2638--2644
[]\T1/qtm/m/n/10 Bu-rada bir nok-taya dik-ka-ti-nizi çek-mek is-ti-yo-ruz. Çe-k
ir-dek kay-nak kod-la-r^^Yn-daki \T1/txtt/m/n/10 arch/<platform>/configs \T1/qt
m/m/n/10 di-zi-nin-deki
 []

[27] [28] [29]
<graphviz-43a178dd74d17c866e26ea957698c636aec067ab.pdf, id=1114, 447.6725pt x 7
10.655pt>
File: graphviz-43a178dd74d17c866e26ea957698c636aec067ab.pdf Graphic file (type 
pdf)
<use graphviz-43a178dd74d17c866e26ea957698c636aec067ab.pdf>
Package pdftex.def Info: graphviz-43a178dd74d17c866e26ea957698c636aec067ab.pdf 
 used on input line 2983.
(pdftex.def)             Requested size: 447.6714pt x 710.65326pt.
 [30] [31] [32 <./graphviz-43a178dd74d17c866e26ea957698c636aec067ab.pdf>] [33] 
[34] [35] [36] [37] [38] [39] [40]
LaTeX Font Info:    Trying to load font information for TS1+qhv on input line 3
895.

(/usr/local/texlive/2026/texmf-dist/tex/latex/tex-gyre/ts1qhv.fd
File: ts1qhv.fd 2009/09/25 v1.2 font definition file for TS1/qhv
) [41] [42]
[43] [44] [45]
LaTeX Font Info:    Font shape `T1/txtt/b/n' in size <12> not available
(Font)              Font shape `T1/txtt/bx/n' tried instead on input line 4380.

 [46] [47] [48

]
B\"ol\"um 3.
<graphviz-17a828b3ed6668e1720b754b4350973a641c94c8.pdf, id=1238, 715.67375pt x 
137.51375pt>
File: graphviz-17a828b3ed6668e1720b754b4350973a641c94c8.pdf Graphic file (type 
pdf)
<use graphviz-17a828b3ed6668e1720b754b4350973a641c94c8.pdf>
Package pdftex.def Info: graphviz-17a828b3ed6668e1720b754b4350973a641c94c8.pdf 
 used on input line 4541.
(pdftex.def)             Requested size: 540.63069pt x 103.87784pt.
<graphviz-eae5046ec12b575d8f0bc91fffe7f7f1f965785f.pdf, id=1239, 715.67375pt x 
137.51375pt>
File: graphviz-eae5046ec12b575d8f0bc91fffe7f7f1f965785f.pdf Graphic file (type 
pdf)
<use graphviz-eae5046ec12b575d8f0bc91fffe7f7f1f965785f.pdf>
Package pdftex.def Info: graphviz-eae5046ec12b575d8f0bc91fffe7f7f1f965785f.pdf 
 used on input line 4548.
(pdftex.def)             Requested size: 540.63069pt x 103.87784pt.
[49 <./graphviz-17a828b3ed6668e1720b754b4350973a641c94c8.pdf> <./graphviz-eae50
46ec12b575d8f0bc91fffe7f7f1f965785f.pdf

pdfTeX warning: pdflatex (file ./graphviz-eae5046ec12b575d8f0bc91fffe7f7f1f9657
85f.pdf): PDF inclusion: multiple pdfs with page group included in a single pag
e
>]
<graphviz-410375c161ca832e3bfd80174451cf3f3d4379af.pdf, id=1271, 861.2175pt x 2
75.0275pt>
File: graphviz-410375c161ca832e3bfd80174451cf3f3d4379af.pdf Graphic file (type 
pdf)
<use graphviz-410375c161ca832e3bfd80174451cf3f3d4379af.pdf>
Package pdftex.def Info: graphviz-410375c161ca832e3bfd80174451cf3f3d4379af.pdf 
 used on input line 4651.
(pdftex.def)             Requested size: 540.61188pt x 172.64294pt.
 [50] [51 <./graphviz-410375c161ca832e3bfd80174451cf3f3d4379af.pdf>] [52]
[53] [54] [55]
Underfull \vbox (badness 10000) detected at line 5170
 []


Overfull \vbox (2.06812pt too high) detected at line 5170
 []

[56]
Underfull \vbox (badness 10000) detected at line 5170
 []


Overfull \vbox (2.06812pt too high) detected at line 5170
 []

[57] [58] [59] [60] [61] [62] [63] [64] [65]
Underfull \vbox (badness 10000) detected at line 6060
 []

[66]
Underfull \vbox (badness 10000) detected at line 6060
 []


Overfull \vbox (2.06812pt too high) detected at line 6060
 []

[67]
Underfull \vbox (badness 10000) detected at line 6060
 []


Overfull \vbox (2.06812pt too high) detected at line 6060
 []

[68] [69] [70]
B\"ol\"um 4.
[71

]
LaTeX Font Info:    Font shape `T1/txtt/b/n' in size <14.4> not available
(Font)              Font shape `T1/txtt/bx/n' tried instead on input line 6195.

 [72] [73] [74]
<graphviz-83c3f3b28900cf53342612b50317355030cacee4.pdf, id=1389, 776.9025pt x 2
84.06125pt>
File: graphviz-83c3f3b28900cf53342612b50317355030cacee4.pdf Graphic file (type 
pdf)
<use graphviz-83c3f3b28900cf53342612b50317355030cacee4.pdf>
Package pdftex.def Info: graphviz-83c3f3b28900cf53342612b50317355030cacee4.pdf 
 used on input line 6463.
(pdftex.def)             Requested size: 540.61545pt x 197.6712pt.
 [75 <./graphviz-83c3f3b28900cf53342612b50317355030cacee4.pdf>]
<graphviz-669290f226b7eeefaa77ce92d0bc4b981f46628a.pdf, id=1437, 1243.64626pt x
 319.1925pt>
File: graphviz-669290f226b7eeefaa77ce92d0bc4b981f46628a.pdf Graphic file (type 
pdf)
<use graphviz-669290f226b7eeefaa77ce92d0bc4b981f46628a.pdf>
Package pdftex.def Info: graphviz-669290f226b7eeefaa77ce92d0bc4b981f46628a.pdf 
 used on input line 6511.
(pdftex.def)             Requested size: 540.60223pt x 138.7502pt.
 [76 <./graphviz-669290f226b7eeefaa77ce92d0bc4b981f46628a.pdf>]
<graphviz-3574f45af61fd54730ed1b282e3650f08181ffa8.pdf, id=1458, 650.43pt x 137
.51375pt>
File: graphviz-3574f45af61fd54730ed1b282e3650f08181ffa8.pdf Graphic file (type 
pdf)
<use graphviz-3574f45af61fd54730ed1b282e3650f08181ffa8.pdf>
Package pdftex.def Info: graphviz-3574f45af61fd54730ed1b282e3650f08181ffa8.pdf 
 used on input line 6586.
(pdftex.def)             Requested size: 540.64081pt x 114.29794pt.
 [77 <./graphviz-3574f45af61fd54730ed1b282e3650f08181ffa8.pdf>]
<graphviz-6923b7a7c0a2c37818097122869ea9955c9b5ae5.pdf, id=1485, 1081.03876pt x
 299.1175pt>
File: graphviz-6923b7a7c0a2c37818097122869ea9955c9b5ae5.pdf Graphic file (type 
pdf)
<use graphviz-6923b7a7c0a2c37818097122869ea9955c9b5ae5.pdf>
Package pdftex.def Info: graphviz-6923b7a7c0a2c37818097122869ea9955c9b5ae5.pdf 
 used on input line 6695.
(pdftex.def)             Requested size: 540.61702pt x 149.58119pt.
 [78 <./graphviz-6923b7a7c0a2c37818097122869ea9955c9b5ae5.pdf>]
<graphviz-33d569426d8a8e7af78eec10ded079a2cdd0fc8e.pdf, id=1505, 985.6825pt x 2
90.08376pt>
File: graphviz-33d569426d8a8e7af78eec10ded079a2cdd0fc8e.pdf Graphic file (type 
pdf)
<use graphviz-33d569426d8a8e7af78eec10ded079a2cdd0fc8e.pdf>
Package pdftex.def Info: graphviz-33d569426d8a8e7af78eec10ded079a2cdd0fc8e.pdf 
 used on input line 6744.
(pdftex.def)             Requested size: 540.62302pt x 159.09949pt.
 [79 <./graphviz-33d569426d8a8e7af78eec10ded079a2cdd0fc8e.pdf>] [80] [81]
<graphviz-03f40a3a12b11b1d8024af24d85ea2d2db2fd79b.pdf, id=1535, 488.82625pt x 
450.68375pt>
File: graphviz-03f40a3a12b11b1d8024af24d85ea2d2db2fd79b.pdf Graphic file (type 
pdf)
<use graphviz-03f40a3a12b11b1d8024af24d85ea2d2db2fd79b.pdf>
Package pdftex.def Info: graphviz-03f40a3a12b11b1d8024af24d85ea2d2db2fd79b.pdf 
 used on input line 6991.
(pdftex.def)             Requested size: 488.82504pt x 450.68263pt.
 [82 <./graphviz-03f40a3a12b11b1d8024af24d85ea2d2db2fd79b.pdf>] [83]
Underfull \vbox (badness 10000) detected at line 7214
 []

[84] [85] [86] [87] [88] [89] [90] [91] [92] [93] [94] [95] [96]
<graphviz-d03a3cb3856ae563a636f462c10c108a85b22dc0.pdf, id=1629, 1023.825pt x 1
51.56625pt>
File: graphviz-d03a3cb3856ae563a636f462c10c108a85b22dc0.pdf Graphic file (type 
pdf)
<use graphviz-d03a3cb3856ae563a636f462c10c108a85b22dc0.pdf>
Package pdftex.def Info: graphviz-d03a3cb3856ae563a636f462c10c108a85b22dc0.pdf 
 used on input line 8111.
(pdftex.def)             Requested size: 540.59377pt x 80.03139pt.
 [97]
<graphviz-d2c495fb313135c1c3a5d8e6e313d7110ba3a50c.pdf, id=1634, 641.39626pt x 
358.33875pt>
File: graphviz-d2c495fb313135c1c3a5d8e6e313d7110ba3a50c.pdf Graphic file (type 
pdf)
<use graphviz-d2c495fb313135c1c3a5d8e6e313d7110ba3a50c.pdf>
Package pdftex.def Info: graphviz-d2c495fb313135c1c3a5d8e6e313d7110ba3a50c.pdf 
 used on input line 8189.
(pdftex.def)             Requested size: 540.6189pt x 302.04684pt.
 [98 <./graphviz-d03a3cb3856ae563a636f462c10c108a85b22dc0.pdf>]
<graphviz-c369e3ba32b095626ac71a139e75290841d8fb34.pdf, id=1677, 1054.94125pt x
 259.97125pt>
File: graphviz-c369e3ba32b095626ac71a139e75290841d8fb34.pdf Graphic file (type 
pdf)
<use graphviz-c369e3ba32b095626ac71a139e75290841d8fb34.pdf>
Package pdftex.def Info: graphviz-c369e3ba32b095626ac71a139e75290841d8fb34.pdf 
 used on input line 8232.
(pdftex.def)             Requested size: 540.58847pt x 133.22224pt.
 [99 <./graphviz-d2c495fb313135c1c3a5d8e6e313d7110ba3a50c.pdf> <./graphviz-c369
e3ba32b095626ac71a139e75290841d8fb34.pdf

pdfTeX warning: pdflatex (file ./graphviz-c369e3ba32b095626ac71a139e75290841d8f
b34.pdf): PDF inclusion: multiple pdfs with page group included in a single pag
e
>]
<graphviz-21dd7abf9ab48251cef00bbd686af32dd57471af.pdf, id=1753, 693.59125pt x 
496.85625pt>
File: graphviz-21dd7abf9ab48251cef00bbd686af32dd57471af.pdf Graphic file (type 
pdf)
<use graphviz-21dd7abf9ab48251cef00bbd686af32dd57471af.pdf>
Package pdftex.def Info: graphviz-21dd7abf9ab48251cef00bbd686af32dd57471af.pdf 
 used on input line 8336.
(pdftex.def)             Requested size: 540.618pt x 387.2658pt.
 [100]
<graphviz-9bd2a3a59306e5b814afee2c126387db6d8a638b.pdf, id=1758, 687.56876pt x 
474.77374pt>
File: graphviz-9bd2a3a59306e5b814afee2c126387db6d8a638b.pdf Graphic file (type 
pdf)
<use graphviz-9bd2a3a59306e5b814afee2c126387db6d8a638b.pdf>
Package pdftex.def Info: graphviz-9bd2a3a59306e5b814afee2c126387db6d8a638b.pdf 
 used on input line 8354.
(pdftex.def)             Requested size: 540.60297pt x 373.30675pt.
 [101 <./graphviz-21dd7abf9ab48251cef00bbd686af32dd57471af.pdf>]
<graphviz-3a2581653bc0601e9b800b2dd99212c992373625.pdf, id=1783, 551.05875pt x 
346.29375pt>
File: graphviz-3a2581653bc0601e9b800b2dd99212c992373625.pdf Graphic file (type 
pdf)
<use graphviz-3a2581653bc0601e9b800b2dd99212c992373625.pdf>
Package pdftex.def Info: graphviz-3a2581653bc0601e9b800b2dd99212c992373625.pdf 
 used on input line 8442.
(pdftex.def)             Requested size: 540.65611pt x 339.73015pt.

[102 <./graphviz-9bd2a3a59306e5b814afee2c126387db6d8a638b.pdf>] [103 <./graphvi
z-3a2581653bc0601e9b800b2dd99212c992373625.pdf>]
<graphviz-712ac7de98d3a8f80e1d354370c2ce1e0b095664.pdf, id=1860, 1315.91624pt x
 226.8475pt>
File: graphviz-712ac7de98d3a8f80e1d354370c2ce1e0b095664.pdf Graphic file (type 
pdf)
<use graphviz-712ac7de98d3a8f80e1d354370c2ce1e0b095664.pdf>
Package pdftex.def Info: graphviz-712ac7de98d3a8f80e1d354370c2ce1e0b095664.pdf 
 used on input line 8649.
(pdftex.def)             Requested size: 540.61343pt x 93.19153pt.
 [104 <./graphviz-712ac7de98d3a8f80e1d354370c2ce1e0b095664.pdf>]
<graphviz-a1e484d869b51762e6b9cdfd85b8d93d483aa988.pdf, id=1920, 527.9725pt x 4
81.8pt>
File: graphviz-a1e484d869b51762e6b9cdfd85b8d93d483aa988.pdf Graphic file (type 
pdf)
<use graphviz-a1e484d869b51762e6b9cdfd85b8d93d483aa988.pdf>
Package pdftex.def Info: graphviz-a1e484d869b51762e6b9cdfd85b8d93d483aa988.pdf 
 used on input line 8735.
(pdftex.def)             Requested size: 527.9712pt x 481.79881pt.
 [105] [106 <./graphviz-a1e484d869b51762e6b9cdfd85b8d93d483aa988.pdf>]
B\"ol\"um 5.
<graphviz-b805a3ca799722a88d44016727257daf15ddca43.pdf, id=1980, 229.85875pt x 
394.47375pt>
[107

]
File: graphviz-b805a3ca799722a88d44016727257daf15ddca43.pdf Graphic file (type 
pdf)
<use graphviz-b805a3ca799722a88d44016727257daf15ddca43.pdf>
Package pdftex.def Info: graphviz-b805a3ca799722a88d44016727257daf15ddca43.pdf 
 used on input line 8812.
(pdftex.def)             Requested size: 229.85817pt x 394.47278pt.
 [108 <./graphviz-b805a3ca799722a88d44016727257daf15ddca43.pdf>]
<graphviz-b0a4309934dfa10301c54d1894e6d2f2d6d0dc25.pdf, id=2014, 1208.515pt x 3
40.27126pt>
File: graphviz-b0a4309934dfa10301c54d1894e6d2f2d6d0dc25.pdf Graphic file (type 
pdf)
<use graphviz-b0a4309934dfa10301c54d1894e6d2f2d6d0dc25.pdf>
Package pdftex.def Info: graphviz-b0a4309934dfa10301c54d1894e6d2f2d6d0dc25.pdf 
 used on input line 8870.
(pdftex.def)             Requested size: 540.59966pt x 152.21202pt.
 [109 <./graphviz-b0a4309934dfa10301c54d1894e6d2f2d6d0dc25.pdf>]
<graphviz-8027075cd695b166407e55ea6ae99e013eea4f82.pdf, id=2072, 523.9575pt x 5
31.9875pt>
File: graphviz-8027075cd695b166407e55ea6ae99e013eea4f82.pdf Graphic file (type 
pdf)
<use graphviz-8027075cd695b166407e55ea6ae99e013eea4f82.pdf>
Package pdftex.def Info: graphviz-8027075cd695b166407e55ea6ae99e013eea4f82.pdf 
 used on input line 9020.
(pdftex.def)             Requested size: 523.95622pt x 531.9862pt.
 [110] [111 <./graphviz-8027075cd695b166407e55ea6ae99e013eea4f82.pdf>]
<graphviz-f82b3dc117927b6fbff691376f5395e08d140542.pdf, id=2120, 381.425pt x 90
2.37125pt>
File: graphviz-f82b3dc117927b6fbff691376f5395e08d140542.pdf Graphic file (type 
pdf)
<use graphviz-f82b3dc117927b6fbff691376f5395e08d140542.pdf>
Package pdftex.def Info: graphviz-f82b3dc117927b6fbff691376f5395e08d140542.pdf 
 used on input line 9095.
(pdftex.def)             Requested size: 309.09805pt x 731.27472pt.
 [112] [113 <./graphviz-f82b3dc117927b6fbff691376f5395e08d140542.pdf>]
<graphviz-73df1d47451c50e1e304783fb01f87558cdfd1d8.pdf, id=2170, 1443.3925pt x 
210.7875pt>
File: graphviz-73df1d47451c50e1e304783fb01f87558cdfd1d8.pdf Graphic file (type 
pdf)
<use graphviz-73df1d47451c50e1e304783fb01f87558cdfd1d8.pdf>
Package pdftex.def Info: graphviz-73df1d47451c50e1e304783fb01f87558cdfd1d8.pdf 
 used on input line 9137.
(pdftex.def)             Requested size: 540.5881pt x 78.94862pt.

Underfull \hbox (badness 10000) in paragraph at lines 9224--9226
[]\T1/txtt/m/n/10 dirty_ratio \T1/qtm/m/n/10 /
 []


Underfull \hbox (badness 10000) detected at line 9227
[]\T1/txtt/m/n/10 dirty_ratio \T1/qtm/m/n/10 /
 []

[114 <./graphviz-73df1d47451c50e1e304783fb01f87558cdfd1d8.pdf>] [115] [116]
[117] [118] [119]
<graphviz-dfe8286a0b4b844362f9d759a0f69989cb8a5721.pdf, id=2235, 372.39125pt x 
334.24875pt>
File: graphviz-dfe8286a0b4b844362f9d759a0f69989cb8a5721.pdf Graphic file (type 
pdf)
<use graphviz-dfe8286a0b4b844362f9d759a0f69989cb8a5721.pdf>
Package pdftex.def Info: graphviz-dfe8286a0b4b844362f9d759a0f69989cb8a5721.pdf 
 used on input line 9708.
(pdftex.def)             Requested size: 372.39034pt x 334.24792pt.
 [120 <./graphviz-dfe8286a0b4b844362f9d759a0f69989cb8a5721.pdf>] [121]
Underfull \hbox (badness 10000) in paragraph at lines 9895--9898
[]\T1/qtm/m/n/10 Bu ver-si-yon-larda \T1/txtt/m/n/10 current \T1/qtm/m/n/10 gös
-te-ri-ci-sin-den ha-re-ketle \T1/txtt/m/n/10 fdx \T1/qtm/m/n/10 be-tim-le-yi-c
i-si-nin gös-ter-di§i yer-deki dosya nes-ne-sine
 []

[122]
Overfull \vbox (1.75354pt too high) detected at line 9982
 []

[123] [124]
<graphviz-2aacf48e0dc5b01b34d9248e84725ceab0748778.pdf, id=2294, 664.4825pt x 1
80.675pt>
File: graphviz-2aacf48e0dc5b01b34d9248e84725ceab0748778.pdf Graphic file (type 
pdf)
<use graphviz-2aacf48e0dc5b01b34d9248e84725ceab0748778.pdf>
Package pdftex.def Info: graphviz-2aacf48e0dc5b01b34d9248e84725ceab0748778.pdf 
 used on input line 10144.
(pdftex.def)             Requested size: 540.63086pt x 146.99104pt.
 [125 <./graphviz-2aacf48e0dc5b01b34d9248e84725ceab0748778.pdf>]
[126] [127] [128] [129] [130] [131]
Underfull \vbox (badness 10000) detected at line 10827
 []


Overfull \vbox (2.06812pt too high) detected at line 10827
 []

[132]
Underfull \vbox (badness 10000) detected at line 10827
 []


Overfull \vbox (2.06812pt too high) detected at line 10827
 []

[133] [134] [135] (./linuxkernelbook.ind) [136] (./linuxkernelbook.aux)
 ***********
LaTeX2e <2025-11-01>
L3 programming layer <2026-05-15>
 ***********
Package rerunfilecheck Info: File `linuxkernelbook.out' has not changed.
(rerunfilecheck)             Checksum: 4E7F21AEAF55C9D868C5C839FE19FAB2;44705.
 ) 
Here is how much of TeX's memory you used:
 18397 strings out of 467340
 328416 string characters out of 5415339
 977788 words of memory out of 5000000
 46681 multiletter control sequences out of 15000+600000
 698099 words of font info for 95 fonts, out of 8000000 for 9000
 1142 hyphenation exceptions out of 8191
 72i,17n,82p,1204b,772s stack positions out of 10000i,1000n,20000p,200000b,200000s
</usr/local/texlive/2026/texmf-dist/fonts/type1/public/amsfonts/cm/cmmi5.pfb>
</usr/local/texlive/2026/texmf-dist/fonts/type1/public/amsfonts/cm/cmsy10.pfb><
/usr/local/texlive/2026/texmf-dist/fonts/type1/public/amsfonts/cm/cmsy5.pfb></u
sr/local/texlive/2026/texmf-dist/fonts/type1/public/tex-gyre/qhvb.pfb></usr/loc
al/texlive/2026/texmf-dist/fonts/type1/public/tex-gyre/qhvbi.pfb></usr/local/te
xlive/2026/texmf-dist/fonts/type1/public/tex-gyre/qhvr.pfb></usr/local/texlive/
2026/texmf-dist/fonts/type1/public/tex-gyre/qtmb.pfb></usr/local/texlive/2026/t
exmf-dist/fonts/type1/public/tex-gyre/qtmbi.pfb></usr/local/texlive/2026/texmf-
dist/fonts/type1/public/tex-gyre/qtmr.pfb></usr/local/texlive/2026/texmf-dist/f
onts/type1/public/tex-gyre/qtmri.pfb></usr/local/texlive/2026/texmf-dist/fonts/
type1/public/txfonts/t1xbtt.pfb></usr/local/texlive/2026/texmf-dist/fonts/type1
/public/txfonts/t1xtt.pfb></usr/local/texlive/2026/texmf-dist/fonts/type1/publi
c/txfonts/t1xtt.pfb></usr/local/texlive/2026/texmf-dist/fonts/type1/public/txfo
nts/tcxtt.pfb></usr/local/texlive/2026/texmf-dist/fonts/type1/urw/times/utmr8a.
pfb>
Output written on linuxkernelbook.pdf (140 pages, 1219194 bytes).
PDF statistics:
 2545 PDF objects out of 2984 (max. 8388607)
 2105 compressed objects within 22 object streams
 411 named destinations out of 1000 (max. 500000)
 1700 words of extra memory for PDF output out of 10000 (max. 10000000)

