\BOOKMARK [0][-]{chapter.1}{\376\377\000G\000i\000r\000i\001\137}{}% 1
\BOOKMARK [1][-]{section.1.1}{\376\377\000G\000e\000r\000e\000k\000s\000i\000n\000i\000m\000l\000e\000r}{chapter.1}% 2
\BOOKMARK [1][-]{section.1.2}{\376\377\000K\000a\000y\000n\000a\000k\000\040\000L\000i\000s\000t\000e\000s\000i}{chapter.1}% 3
\BOOKMARK [2][-]{subsection.1.2.1}{\376\377\000U\000n\000d\000e\000r\000s\000t\000a\000n\000d\000i\000n\000g\000\040\000t\000h\000e\000\040\000L\000i\000n\000u\000x\000\040\000K\000e\000r\000n\000e\000l}{section.1.2}% 4
\BOOKMARK [2][-]{subsection.1.2.2}{\376\377\000L\000i\000n\000u\000x\000\040\000D\000e\000v\000i\000c\000e\000\040\000D\000r\000i\000v\000e\000r\000s}{section.1.2}% 5
\BOOKMARK [2][-]{subsection.1.2.3}{\376\377\000K\000e\000r\000n\000e\000l\000\040\001\060\000n\000t\000e\000r\000n\000a\000l\000s\000\040\000v\000e\000\040\000G\000e\000n\000e\000l\000\040\000M\000i\000m\000a\000r\000i}{section.1.2}% 6
\BOOKMARK [2][-]{subsection.1.2.4}{\376\377\000L\000i\000n\000u\000x\000\040\000K\000e\000r\000n\000e\000l\000\040\000P\000r\000o\000g\000r\000a\000m\000m\000i\000n\000g}{section.1.2}% 7
\BOOKMARK [2][-]{subsection.1.2.5}{\376\377\000L\000i\000n\000u\000x\000\040\000K\000e\000r\000n\000e\000l\000\040\000D\000e\000b\000u\000g\000g\000i\000n\000g}{section.1.2}% 8
\BOOKMARK [2][-]{subsection.1.2.6}{\376\377\000S\000i\000s\000t\000e\000m\000\040\000P\000r\000o\000g\000r\000a\000m\000l\000a\000m\000a\000\040\000v\000e\000\040\000K\000u\000l\000l\000a\000n\001\061\000c\001\061\000\040\000A\000l\000a\000n\001\061\000\040\000K\000a\000y\000n\000a\000k\000l\000a\000r\001\061}{section.1.2}% 9
\BOOKMARK [2][-]{subsection.1.2.7}{\376\377\000\307\000e\000v\000r\000i\000m\000i\000\347\000i\000\040\000K\000a\000y\000n\000a\000k\000l\000a\000r}{section.1.2}% 10
\BOOKMARK [1][-]{section.1.3}{\376\377\000\307\000e\000k\000i\000r\000d\000e\000k\000\040\000K\000o\000d\000l\000a\000r\001\061\000\040\000\334\000z\000e\000r\000i\000n\000d\000e\000\040\000G\000e\000z\000i\000n\000m\000e}{chapter.1}% 11
\BOOKMARK [1][-]{section.1.4}{\376\377\001\060\001\137\000l\000e\000t\000i\000m\000\040\000S\000i\000s\000t\000e\000m\000l\000e\000r\000i\000n\000e\000\040\000G\000i\000r\000i\001\137}{chapter.1}% 12
\BOOKMARK [1][-]{section.1.5}{\376\377\001\060\001\137\000l\000e\000t\000i\000m\000\040\000S\000i\000s\000t\000e\000m\000i\000n\000i\000n\000\040\000T\000a\000n\001\061\000m\001\061\000\040\000v\000e\000\040\000Y\000a\000p\001\061\000s\001\061}{chapter.1}% 13
\BOOKMARK [1][-]{section.1.6}{\376\377\001\060\001\137\000l\000e\000t\000i\000m\000\040\000S\000i\000s\000t\000e\000m\000l\000e\000r\000i\000n\000i\000n\000\040\000S\001\061\000n\001\061\000f\000l\000a\000n\000d\001\061\000r\001\061\000l\000m\000a\000s\001\061}{chapter.1}% 14
\BOOKMARK [2][-]{subsection.1.6.1}{\376\377\000P\000r\000o\000s\000e\000s\000\040\000Y\000\366\000n\000e\000t\000i\000m\000i\000n\000e\000\040\000G\000\366\000r\000e}{section.1.6}% 15
\BOOKMARK [2][-]{subsection.1.6.2}{\376\377\000K\000u\000l\000l\000a\000n\001\061\000c\001\061\000\040\000S\000a\000y\001\061\000s\001\061\000n\000a\000\040\000G\000\366\000r\000e}{section.1.6}% 16
\BOOKMARK [2][-]{subsection.1.6.3}{\376\377\000\307\000e\000k\000i\000r\000d\000e\000k\000\040\000Y\000a\000p\001\061\000s\001\061\000n\000a\000\040\000G\000\366\000r\000e}{section.1.6}% 17
\BOOKMARK [2][-]{subsection.1.6.4}{\376\377\000D\001\061\001\137\000s\000a\000l\000\040\000O\000l\000a\000y\000l\000a\000r\000l\000a\000\040\000Y\000a\000n\001\061\000t\000\040\000V\000e\000r\000e\000b\000i\000l\000m\000e\000\040\000\326\000z\000e\000l\000l\000i\001\037\000i\000n\000e\000\040\000G\000\366\000r\000e}{section.1.6}% 18
\BOOKMARK [2][-]{subsection.1.6.5}{\376\377\000D\000a\001\037\001\061\000t\001\061\000k\000l\001\061\000k\000\040\000D\000u\000r\000u\000m\000u\000n\000a\000\040\000G\000\366\000r\000e}{section.1.6}% 19
\BOOKMARK [2][-]{subsection.1.6.6}{\376\377\000D\000o\000n\000a\000n\001\061\000m\000\040\000\326\000z\000e\000l\000l\000i\001\037\000i\000n\000e\000\040\000G\000\366\000r\000e}{section.1.6}% 20
\BOOKMARK [2][-]{subsection.1.6.7}{\376\377\000K\000a\000y\000n\000a\000k\000\040\000K\000o\000d\000\040\000L\000i\000s\000a\000n\000s\001\061\000n\000a\000\040\000G\000\366\000r\000e}{section.1.6}% 21
\BOOKMARK [2][-]{subsection.1.6.8}{\376\377\000K\000a\000y\000n\000a\000k\000\040\000K\000o\000d\000u\000n\000\040\000\326\000z\000g\000\374\000n\000l\000\374\001\037\000\374\000n\000e\000\040\000G\000\366\000r\000e}{section.1.6}% 22
\BOOKMARK [2][-]{subsection.1.6.9}{\376\377\000G\000U\000I\000\040\000\307\000a\000l\001\061\001\137\000m\000a\000\040\000D\000e\000s\000t\000e\001\037\000i\000n\000e\000\040\000G\000\366\000r\000e}{section.1.6}% 23
\BOOKMARK [2][-]{subsection.1.6.10}{\376\377\000A\001\037\000\040\000\334\000z\000e\000r\000i\000n\000d\000e\000\040\000H\000i\000z\000m\000e\000t\000\040\000A\000l\001\061\000p\000\040\000V\000e\000r\000m\000e\000\040\000R\000o\000l\000l\000e\000r\000i\000n\000e\000\040\000G\000\366\000r\000e}{section.1.6}% 24
\BOOKMARK [1][-]{section.1.7}{\376\377\001\060\001\137\000l\000e\000t\000i\000m\000\040\000S\000i\000s\000t\000e\000m\000l\000e\000r\000i\000n\000i\000n\000\040\000T\000a\000r\000i\000h\000s\000e\000l\000\040\000G\000e\000l\000i\001\137\000i\000m\000i}{chapter.1}% 25
\BOOKMARK [1][-]{section.1.8}{\376\377\000U\000N\000I\000X\000\040\000T\000\374\000r\000e\000v\000i\000\040\000S\000i\000s\000t\000e\000m\000l\000e\000r\000i\000n\000\040\000T\000a\000r\000i\000h\000s\000e\000l\000\040\000G\000e\000l\000i\001\137\000i\000m\000i}{chapter.1}% 26
\BOOKMARK [1][-]{section.1.9}{\376\377\000M\000a\000c\000\040\000O\000S\000\040\000X\000\040\000T\000\374\000r\000e\000v\000i\000\040\000S\000i\000s\000t\000e\000m\000l\000e\000r}{chapter.1}% 27
\BOOKMARK [1][-]{section.1.10}{\376\377\000G\000N\000U\000\040\000P\000r\000o\000j\000e\000s\000i\000\040\000v\000e\000\040\000\326\000z\000g\000\374\000r\000\040\000Y\000a\000z\001\061\000l\001\061\000m}{chapter.1}% 28
\BOOKMARK [1][-]{section.1.11}{\376\377\000L\000i\000n\000u\000x\040\031\000u\000n\000\040\000T\000a\000r\000i\000h\000s\000e\000l\000\040\000G\000e\000l\000i\001\137\000i\000m\000i}{chapter.1}% 29
\BOOKMARK [1][-]{section.1.12}{\376\377\000L\000i\000n\000u\000x\000\040\000D\000a\001\037\001\061\000t\001\061\000m\000l\000a\000r\001\061}{chapter.1}% 30
\BOOKMARK [1][-]{section.1.13}{\376\377\000P\000O\000S\000I\000X\000\040\000S\000t\000a\000n\000d\000a\000r\000t\000l\000a\000r\001\061}{chapter.1}% 31
\BOOKMARK [1][-]{section.1.14}{\376\377\000L\000i\000n\000u\000x\000\040\000\307\000e\000k\000i\000r\000d\000e\001\037\000i\000n\000i\000n\000\040\000K\000a\000y\000n\000a\000k\000\040\000K\000o\000d\000\040\000Y\000a\000p\001\061\000s\001\061}{chapter.1}% 32
\BOOKMARK [1][-]{section.1.15}{\376\377\000L\000i\000n\000u\000x\000\040\000S\000i\000s\000t\000e\000m\000l\000e\000r\000i\000n\000i\000n\000\040\000B\000o\000o\000t\000\040\000E\000d\000i\000l\000m\000e\000s\000i}{chapter.1}% 33
\BOOKMARK [2][-]{subsection.1.15.1}{\376\377\000R\000e\000s\000e\000t\000\040\000V\000e\000k\000t\000\366\000r\000\374\000\040\000v\000e\000\040\000B\000I\000O\000S\000/\000F\000i\000r\000m\000w\000a\000r\000e}{section.1.15}% 34
\BOOKMARK [2][-]{subsection.1.15.2}{\376\377\000\326\000n\000y\000\374\000k\000l\000e\000y\000i\000c\000i\000\040\000\050\000B\000o\000o\000t\000l\000o\000a\000d\000e\000r\000\051\000\040\000P\000r\000o\000g\000r\000a\000m\000l\000a\000r}{section.1.15}% 35
\BOOKMARK [2][-]{subsection.1.15.3}{\376\377\000G\000e\000n\000e\000l\000\040\000B\000o\000o\000t\000\040\000A\000k\001\061\001\137\001\061}{section.1.15}% 36
\BOOKMARK [2][-]{subsection.1.15.4}{\376\377\000B\000o\000o\000t\000\040\000A\001\137\000a\000m\000a\000l\000a\000r\001\061\000\040\000T\000e\000r\000m\000i\000n\000o\000l\000o\000j\000i\000s\000i}{section.1.15}% 37
\BOOKMARK [2][-]{subsection.1.15.5}{\376\377\000P\000C\000\040\000S\000i\000s\000t\000e\000m\000l\000e\000r\000i\000n\000d\000e\000\040\000B\000o\000o\000t\000\040\000S\000\374\000r\000e\000c\000i\000\040\000\050\000K\000l\000a\000s\000i\000k\000\040\000B\000I\000O\000S\000\051}{section.1.15}% 38
\BOOKMARK [0][-]{chapter.2}{\376\377\000\307\000e\000k\000i\000r\000d\000e\001\037\000i\000n\000\040\000D\000e\000r\000l\000e\000n\000m\000e\000s\000i}{}% 39
\BOOKMARK [1][-]{section.2.1}{\376\377\000\307\000e\000k\000i\000r\000d\000e\000k\000\040\000D\000a\000v\000r\000a\000n\001\061\001\137\001\061\000n\001\061\000\040\000D\000e\001\037\000i\001\137\000t\000i\000r\000m\000e\000\040\000Y\000\366\000n\000t\000e\000m\000l\000e\000r\000i}{chapter.2}% 40
\BOOKMARK [1][-]{section.2.2}{\376\377\000\307\000e\000k\000i\000r\000d\000e\000k\000\040\000K\000o\000m\000u\000t\000\040\000S\000a\000t\001\061\000r\001\061\000\040\000P\000a\000r\000a\000m\000e\000t\000r\000e\000l\000e\000r\000i}{chapter.2}% 41
\BOOKMARK [1][-]{section.2.3}{\376\377\000\307\000e\000k\000i\000r\000d\000e\001\037\000i\000\040\000Y\000e\000n\000i\000d\000e\000n\000\040\000D\000e\000r\000l\000e\000m\000e\000n\000i\000n\000\040\000G\000e\000r\000e\000k\000t\000i\001\037\000i\000\040\000D\000u\000r\000u\000m\000l\000a\000r}{chapter.2}% 42
\BOOKMARK [1][-]{section.2.4}{\376\377\000\307\000e\000k\000i\000r\000d\000e\000k\000\040\000D\000e\000r\000l\000e\000m\000e\000s\000i\000\040\000H\000a\000k\000k\001\061\000n\000d\000a}{chapter.2}% 43
\BOOKMARK [2][-]{subsection.2.4.1}{\376\377\000\307\000a\000p\000r\000a\000z\000\040\000D\000e\000r\000l\000e\000m\000e}{section.2.4}% 44
\BOOKMARK [2][-]{subsection.2.4.2}{\376\377\000\307\000e\000k\000i\000r\000d\000e\000k\000\040\000K\000a\000y\000n\000a\000k\000\040\000K\000o\000d\000l\000a\000r\001\061\000n\001\061\000n\000\040\001\060\000n\000d\000i\000r\000i\000l\000m\000e\000s\000i}{section.2.4}% 45
\BOOKMARK [3][-]{subsubsection*.3}{\376\377\000S\001\061\000k\001\061\001\137\000t\001\061\000r\000m\000a\000\040\000F\000o\000r\000m\000a\000t\000l\000a\000r\001\061\000\040\000v\000e\000\040\000t\000a\000r\000\040\000K\000o\000m\000u\000t\000u}{subsection.2.4.2}% 46
\BOOKMARK [2][-]{subsection.2.4.3}{\376\377\000D\000a\001\037\001\061\000t\001\061\000m\000a\000\040\000\326\000z\000g\000\374\000\040\000\307\000e\000k\000i\000r\000d\000e\000k\000\040\000K\000a\000y\000n\000a\000k\000\040\000K\000o\000d\000l\000a\000r\001\061}{section.2.4}% 47
\BOOKMARK [1][-]{section.2.5}{\376\377\000\307\000e\000k\000i\000r\000d\000e\000k\000\040\000V\000e\000r\000s\000i\000y\000o\000n\000\040\000N\000u\000m\000a\000r\000a\000l\000a\000n\000d\001\061\000r\000m\000a\000s\001\061}{chapter.2}% 48
\BOOKMARK [1][-]{section.2.6}{\376\377\000D\000e\000r\000l\000e\000m\000e\000\040\000A\000r\000a\000\347\000l\000a\000r\001\061}{chapter.2}% 49
\BOOKMARK [1][-]{section.2.7}{\376\377\000\307\000e\000k\000i\000r\000d\000e\000k\000\040\000D\000e\000r\000l\000e\000m\000e\000\040\000A\000d\001\061\000m\000l\000a\000r\001\061}{chapter.2}% 50
\BOOKMARK [2][-]{subsection.2.7.1}{\376\377\000A\000d\001\061\000m\000\040\0001\000:\000\040\000G\000e\000r\000e\000k\000l\000i\000\040\000A\000r\000a\000\347\000l\000a\000r\001\061\000n\000\040\000K\000u\000r\000u\000l\000m\000a\000s\001\061}{section.2.7}% 51
\BOOKMARK [2][-]{subsection.2.7.2}{\376\377\000A\000d\001\061\000m\000\040\0002\000:\000\040\000K\000a\000y\000n\000a\000k\000\040\000K\000o\000d\000l\000a\000r\001\061\000n\000\040\001\060\000n\000d\000i\000r\000i\000l\000m\000e\000s\000i\000\040\000v\000e\000\040\000A\000\347\001\061\000l\000m\000a\000s\001\061}{section.2.7}% 52
\BOOKMARK [2][-]{subsection.2.7.3}{\376\377\000A\000d\001\061\000m\000\040\0003\000:\000\040\000\307\000e\000k\000i\000r\000d\000e\001\037\000i\000n\000\040\000K\000o\000n\000f\000i\000g\000\374\000r\000e\000\040\000E\000d\000i\000l\000m\000e\000s\000i}{section.2.7}% 53
\BOOKMARK [2][-]{subsection.2.7.4}{\376\377\000A\000d\001\061\000m\000\040\0004\000:\000\040\000K\000o\000n\000f\000i\000g\000\374\000r\000a\000s\000y\000o\000n\000\040\000D\000e\001\037\000i\001\137\000i\000k\000l\000i\000k\000l\000e\000r\000i\000n\000i\000n\000\040\000Y\000a\000p\001\061\000l\000m\000a\000s\001\061}{section.2.7}% 54
\BOOKMARK [2][-]{subsection.2.7.5}{\376\377\000A\000d\001\061\000m\000\040\0005\000:\000\040\000D\000e\000r\000l\000e\000m\000e}{section.2.7}% 55
\BOOKMARK [2][-]{subsection.2.7.6}{\376\377\000A\000d\001\061\000m\000\040\0006\000:\000\040\000M\000o\000d\000\374\000l\000l\000e\000r\000i\000n\000\040\000K\000u\000r\000u\000l\000m\000a\000s\001\061}{section.2.7}% 56
\BOOKMARK [2][-]{subsection.2.7.7}{\376\377\000A\000d\001\061\000m\000\040\0007\000:\000\040\000A\000y\000g\001\061\000t\000\040\000A\001\037\000a\000c\001\061\000\040\000D\000o\000s\000y\000a\000l\000a\000r\001\061\000n\001\061\000n\000\040\000D\000e\000r\000l\000e\000n\000m\000e\000s\000i}{section.2.7}% 57
\BOOKMARK [2][-]{subsection.2.7.8}{\376\377\000A\000d\001\061\000m\000\040\0008\000:\000\040\000K\000u\000r\000u\000l\000u\000m}{section.2.7}% 58
\BOOKMARK [3][-]{subsubsection*.4}{\376\377\000G\000e\000\347\000i\000c\000i\000\040\000K\000\366\000k\000\040\000D\000o\000s\000y\000a\000\040\000S\000i\000s\000t\000e\000m\000i\000\040\000\050\000i\000n\000i\000t\000r\000d\000\051}{subsection.2.7.8}% 59
\BOOKMARK [1][-]{section.2.8}{\376\377\000m\000a\000k\000e\000\040\000m\000o\000d\000u\000l\000e\000s\000\137\000i\000n\000s\000t\000a\000l\000l\000\040\000K\000o\000m\000u\000t\000u\000\040\000i\000l\000e\000\040\001\060\000l\000g\000i\000l\000i\000\040\000A\000y\000r\001\061\000n\000t\001\061\000l\000a\000r}{chapter.2}% 60
\BOOKMARK [2][-]{subsection.2.8.1}{\376\377\000m\000o\000d\000u\000l\000e\000s\000.\000d\000e\000p}{section.2.8}% 61
\BOOKMARK [2][-]{subsection.2.8.2}{\376\377\000m\000o\000d\000u\000l\000e\000s\000.\000a\000l\000i\000a\000s}{section.2.8}% 62
\BOOKMARK [2][-]{subsection.2.8.3}{\376\377\000m\000o\000d\000u\000l\000e\000s\000.\000o\000r\000d\000e\000r}{section.2.8}% 63
\BOOKMARK [1][-]{section.2.9}{\376\377\000M\000a\000n\000u\000e\000l\000\040\000K\000u\000r\000u\000l\000u\000m}{chapter.2}% 64
\BOOKMARK [2][-]{subsection.2.9.1}{\376\377\000\307\000e\000k\000i\000r\000d\000e\000k\000\040\000S\000\374\000r\000\374\000m\000\040\000Y\000a\000z\001\061\000s\001\061\000n\001\061\000n\000\040\000B\000e\000l\000i\000r\000l\000e\000n\000m\000e\000s\000i}{section.2.9}% 65
\BOOKMARK [1][-]{section.2.10}{\376\377\000G\000R\000U\000B\000\040\000Y\000a\000p\001\061\000l\000a\000n\000d\001\061\000r\000m\000a\000s\001\061}{chapter.2}% 66
\BOOKMARK [1][-]{section.2.11}{\376\377\000\307\000e\000k\000i\000r\000d\000e\000k\000\040\000D\000e\000r\000l\000e\000m\000e\000\040\000S\000\374\000r\000e\000c\000i\000\040\000\326\000z\000e\000t\000i}{chapter.2}% 67
\BOOKMARK [1][-]{section.2.12}{\376\377\000\307\000e\000k\000i\000r\000d\000e\001\037\000i\000n\000\040\000S\000i\000s\000t\000e\000m\000d\000e\000n\000\040\000K\000a\000l\000d\001\061\000r\001\061\000l\000m\000a\000s\001\061}{chapter.2}% 68
\BOOKMARK [1][-]{section.2.13}{\376\377\000\307\000e\000k\000i\000r\000d\000e\000k\000\040\000K\000o\000d\000l\000a\000r\001\061\000\040\000\334\000z\000e\000r\000i\000n\000d\000e\000\040\000D\000e\001\037\000i\001\137\000i\000k\000l\000i\000k\000\040\000Y\000a\000p\000m\000a\000\040\000Y\000\366\000n\000t\000e\000m\000l\000e\000r\000i}{chapter.2}% 69
\BOOKMARK [1][-]{section.2.14}{\376\377\000K\000B\000u\000i\000l\000d\000\040\000S\000i\000s\000t\000e\000m\000i\000\040\000v\000e\000\040\000G\000N\000U\000\040\000M\000a\000k\000e}{chapter.2}% 70
\BOOKMARK [1][-]{section.2.15}{\376\377\000M\000a\000k\000e\000f\000i\000l\000e\000\040\000D\000o\000s\000y\000a\000l\000a\000r\001\061\000n\001\061\000n\000\040\000G\000\374\000n\000c\000e\000l\000l\000e\000n\000m\000e\000s\000i}{chapter.2}% 71
\BOOKMARK [1][-]{section.2.16}{\376\377\000K\000c\000o\000n\000f\000i\000g\000\040\000D\000o\000s\000y\000a\000l\000a\000r\001\061}{chapter.2}% 72
\BOOKMARK [1][-]{section.2.17}{\376\377\000K\000o\000n\000f\000i\000g\000\374\000r\000a\000s\000y\000o\000n\000\040\000S\000e\000\347\000e\000n\000e\000k\000l\000e\000r\000i\000n\000i\000n\000\040\000K\000a\000y\000n\000a\000k\000\040\000K\000o\000d\000l\000a\000r\000a\000\040\000Y\000a\000n\000s\001\061\000t\001\061\000l\000m\000a\000s\001\061}{chapter.2}% 73
\BOOKMARK [1][-]{section.2.18}{\376\377\000K\000o\000n\000f\000i\000g\000\374\000r\000a\000s\000y\000o\000n\000\040\000S\000e\000\347\000e\000n\000e\000k\000l\000e\000r\000i\000n\000i\000n\000\040\000M\000a\000k\000e\000f\000i\000l\000e\000\040\000D\000o\000s\000y\000a\000l\000a\000r\001\061\000n\000a\000\040\000Y\000a\000n\000s\001\061\000t\001\061\000l\000m\000a\000s\001\061}{chapter.2}% 74
\BOOKMARK [1][-]{section.2.19}{\376\377\000Y\000e\000n\000i\000\040\000D\000i\000z\000i\000n\000\040\000i\000\347\000i\000n\000\040\000M\000a\000k\000e\000f\000i\000l\000e\000\040\000v\000e\000\040\000K\000c\000o\000n\000f\000i\000g\000\040\000D\000o\000s\000y\000a\000l\000a\000r\001\061}{chapter.2}% 75
\BOOKMARK [1][-]{section.2.20}{\376\377\000\326\000r\000n\000e\000k\000:\000\040\000\307\000e\000k\000i\000r\000d\000e\001\037\000e\000\040\000Y\000e\000n\000i\000\040\000M\000o\000d\000\374\000l\000\040\000E\000k\000l\000e\000m\000e}{chapter.2}% 76
\BOOKMARK [1][-]{section.2.21}{\376\377\000Y\000e\000n\000i\000d\000e\000n\000\040\000D\000e\000r\000l\000e\000m\000e\000\040\000S\000o\000n\000r\000a\000s\001\061\000\040\000G\000\374\000n\000c\000e\000l\000l\000e\000m\000e\000l\000e\000r}{chapter.2}% 77
\BOOKMARK [1][-]{section.2.22}{\376\377\000\307\000e\000k\000i\000r\000d\000e\000k\000\040\000v\000e\000\040\000M\000o\000d\000\374\000l\000\040\001\060\000m\000z\000a\000l\000a\000m\000a}{chapter.2}% 78
\BOOKMARK [1][-]{section.2.23}{\376\377\000\307\000e\000k\000i\000r\000d\000e\000k\000\040\001\060\000m\000j\000a\000s\001\061\000n\001\061\000n\000\040\001\060\000m\000z\000a\000l\000a\000n\000m\000a\000s\001\061}{chapter.2}% 79
\BOOKMARK [1][-]{section.2.24}{\376\377\000K\000\366\000k\000\040\000D\000o\000s\000y\000a\000\040\000S\000i\000s\000t\000e\000m\000i\000n\000i\000n\000\040\000O\000l\000u\001\137\000t\000u\000r\000u\000l\000m\000a\000s\001\061}{chapter.2}% 80
\BOOKMARK [2][-]{subsection.2.24.1}{\376\377\000d\000e\000b\000o\000o\000t\000s\000t\000r\000a\000p\000\040\000i\000l\000e\000\040\000K\000\366\000k\000\040\000D\000o\000s\000y\000a\000\040\000S\000i\000s\000t\000e\000m\000i\000\040\000O\000l\000u\001\137\000t\000u\000r\000m\000a}{section.2.24}% 81
\BOOKMARK [2][-]{subsection.2.24.2}{\376\377\000G\000e\000\347\000i\000c\000i\000\040\000K\000\366\000k\000\040\000D\000o\000s\000y\000a\000\040\000S\000i\000s\000t\000e\000m\000i\000n\000i\000n\000\040\000O\000l\000u\001\137\000t\000u\000r\000u\000l\000m\000a\000s\001\061}{section.2.24}% 82
\BOOKMARK [1][-]{section.2.25}{\376\377\000\307\000e\000k\000i\000r\000d\000e\000k\000\040\000B\000a\001\137\000l\001\061\000k\000\040\000D\000o\000s\000y\000a\000l\000a\000r\001\061\000n\001\061\000n\000\040\000K\000u\000r\000u\000l\000u\000m\000u}{chapter.2}% 83
\BOOKMARK [0][-]{chapter.3}{\376\377\000B\000a\001\037\000l\001\061\000\040\000L\000i\000s\000t\000e\000l\000e\000r\000i\000n\000\040\000v\000e\000\040\000H\000a\000s\000h\000\040\000T\000a\000b\000l\000o\000l\000a\000r\001\061\000n\001\061\000n\000\040\000\307\000e\000k\000i\000r\000d\000e\000k\000\040\000G\000e\000r\000\347\000e\000k\000l\000e\001\137\000t\000i\000r\000i\000m\000l\000e\000r\000i}{}% 84
\BOOKMARK [1][-]{section.3.1}{\376\377\000B\000a\001\037\000l\001\061\000\040\000L\000i\000s\000t\000e\000l\000e\000r}{chapter.3}% 85
\BOOKMARK [1][-]{section.3.2}{\376\377\000B\000a\001\037\000l\001\061\000\040\000L\000i\000s\000t\000e\000l\000e\000r\000e\000\040\000N\000e\000d\000e\000n\000\040\000G\000e\000r\000e\000k\000s\000i\000n\000i\000m\000\040\000D\000u\000y\000u\000l\000u\000r\000?}{chapter.3}% 86
\BOOKMARK [1][-]{section.3.3}{\376\377\000L\000i\000n\000u\000x\000\040\000\307\000e\000k\000i\000r\000d\000e\001\037\000i\000n\000d\000e\000k\000i\000\040\000B\000a\001\037\000l\001\061\000\040\000L\000i\000s\000t\000e\000\040\000G\000e\000r\000\347\000e\000k\000l\000e\001\137\000t\000i\000r\000i\000m\000i}{chapter.3}% 87
\BOOKMARK [2][-]{subsection.3.3.1}{\376\377\000B\000a\001\037\000l\001\061\000\040\000L\000i\000s\000t\000e\000\040\000B\000a\001\137\000l\000a\000t\000m\000a}{section.3.3}% 88
\BOOKMARK [2][-]{subsection.3.3.2}{\376\377\000D\000\374\001\037\000\374\000m\000\040\000E\000k\000l\000e\000m\000e}{section.3.3}% 89
\BOOKMARK [2][-]{subsection.3.3.3}{\376\377\000L\000i\000s\000t\000e\000\040\000D\000o\000l\000a\001\137\001\061\000m\001\061}{section.3.3}% 90
\BOOKMARK [2][-]{subsection.3.3.4}{\376\377\000D\000\374\001\037\000\374\000m\000\040\000S\000i\000l\000m\000e}{section.3.3}% 91
\BOOKMARK [2][-]{subsection.3.3.5}{\376\377\000A\000r\000a\000y\000a\000\040\000D\000\374\001\037\000\374\000m\000\040\000E\000k\000l\000e\000m\000e}{section.3.3}% 92
\BOOKMARK [1][-]{section.3.4}{\376\377\000T\000a\000m\000\040\000\326\000r\000n\000e\000k\000:\000\040\000K\000u\000l\000l\000a\000n\001\061\000c\001\061\000\040\000A\000l\000a\000n\001\061\000n\000d\000a\000\040\000B\000a\001\037\000l\001\061\000\040\000L\000i\000s\000t\000e\000\040\000K\000u\000l\000l\000a\000n\001\061\000m\001\061}{chapter.3}% 93
\BOOKMARK [1][-]{section.3.5}{\376\377\000R\000C\000U\000\040\000D\000e\000s\000t\000e\001\037\000i}{chapter.3}% 94
\BOOKMARK [1][-]{section.3.6}{\376\377\000E\000s\000k\000i\000\040\000\307\000e\000k\000i\000r\000d\000e\000k\000\040\000S\000\374\000r\000\374\000m\000l\000e\000r\000i\000n\000d\000e\000k\000i\000\040\000l\000i\000s\000t\000.\000h}{chapter.3}% 95
\BOOKMARK [1][-]{section.3.7}{\376\377\000A\000r\000a\000m\000a\000\040\000A\000l\000g\000o\000r\000i\000t\000m\000a\000l\000a\000r\001\061\000\040\000v\000e\000\040\000S\000\366\000z\000l\000\374\000k\000\040\000T\000a\000r\000z\001\061\000\040\000V\000e\000r\000i\000\040\000Y\000a\000p\001\061\000l\000a\000r\001\061}{chapter.3}% 96
\BOOKMARK [2][-]{subsection.3.7.1}{\376\377\001\060\000n\000d\000e\000k\000s\000l\000i\000\040\000A\000r\000a\000m\000a}{section.3.7}% 97
\BOOKMARK [1][-]{section.3.8}{\376\377\000H\000a\000s\000h\000\040\000T\000a\000b\000l\000o\000l\000a\000r\001\061}{chapter.3}% 98
\BOOKMARK [2][-]{subsection.3.8.1}{\376\377\000\307\000a\000k\001\061\001\137\000m\000a\000\040\000\307\000\366\000z\000\374\000m\000l\000e\000m\000e\000\040\000S\000t\000r\000a\000t\000e\000j\000i\000l\000e\000r\000i}{section.3.8}% 99
\BOOKMARK [3][-]{subsubsection*.5}{\376\377\000A\000y\000r\001\061\000\040\000Z\000i\000n\000c\000i\000r\000\040\000O\000l\000u\001\137\000t\000u\000r\000m\000a\000\040\000\050\000S\000e\000p\000a\000r\000a\000t\000e\000\040\000C\000h\000a\000i\000n\000i\000n\000g\000\051}{subsection.3.8.1}% 100
\BOOKMARK [3][-]{subsubsection*.6}{\376\377\000H\000a\000s\000h\000\040\000F\000o\000n\000k\000s\000i\000y\000o\000n\000u\000\040\000T\000a\000s\000a\000r\001\061\000m\001\061}{subsection.3.8.1}% 101
\BOOKMARK [3][-]{subsubsection*.7}{\376\377\000A\000\347\001\061\000k\000\040\000A\000d\000r\000e\000s\000l\000e\000m\000e\000\040\000v\000e\000\040\000D\000o\001\037\000r\000u\000s\000a\000l\000\040\000Y\000o\000k\000l\000a\000m\000a}{subsection.3.8.1}% 102
\BOOKMARK [1][-]{section.3.9}{\376\377\000L\000i\000n\000u\000x\000\040\000\307\000e\000k\000i\000r\000d\000e\001\037\000i\000n\000d\000e\000\040\000H\000a\000s\000h\000\040\000T\000a\000b\000l\000o\000s\000u\000\040\000G\000e\000r\000\347\000e\000k\000l\000e\001\137\000t\000i\000r\000i\000m\000i}{chapter.3}% 103
\BOOKMARK [2][-]{subsection.3.9.1}{\376\377\000h\000l\000i\000s\000t\000\137\000h\000e\000a\000d\000\040\000v\000e\000\040\000h\000l\000i\000s\000t\000\137\000n\000o\000d\000e\000\040\000Y\000a\000p\001\061\000l\000a\000r\001\061}{section.3.9}% 104
\BOOKMARK [2][-]{subsection.3.9.2}{\376\377\000H\000a\000s\000h\000\040\000T\000a\000b\000l\000o\000s\000u\000n\000u\000n\000\040\000O\000l\000u\001\137\000t\000u\000r\000u\000l\000m\000a\000s\001\061}{section.3.9}% 105
\BOOKMARK [2][-]{subsection.3.9.3}{\376\377\000D\000\374\001\037\000\374\000m\000\040\000S\000i\000l\000m\000e}{section.3.9}% 106
\BOOKMARK [2][-]{subsection.3.9.4}{\376\377\000E\000k\000\040\000I\000n\000s\000e\000r\000t\000\040\000F\000o\000n\000k\000s\000i\000y\000o\000n\000l\000a\000r\001\061}{section.3.9}% 107
\BOOKMARK [2][-]{subsection.3.9.5}{\376\377\000D\000\366\000n\000g\000\374\000\040\000M\000a\000k\000r\000o\000l\000a\000r\001\061}{section.3.9}% 108
\BOOKMARK [2][-]{subsection.3.9.6}{\376\377\000\326\000r\000n\000e\000k\000\040\000U\000y\000g\000u\000l\000a\000m\000a}{section.3.9}% 109
\BOOKMARK [1][-]{section.3.10}{\376\377\000R\000C\000U\040\031\000l\000u\000\040\000H\000a\000s\000h\000\040\000T\000a\000b\000l\000o\000s\000u\000\040\000F\000o\000n\000k\000s\000i\000y\000o\000n\000l\000a\000r\001\061}{chapter.3}% 110
\BOOKMARK [0][-]{chapter.4}{\376\377\000P\000r\000o\000s\000e\000s\000\040\000K\000o\000n\000t\000r\000o\000l\000\040\000B\000l\000o\001\037\000u\000\040\000v\000e\000\040\000t\000a\000s\000k\000\137\000s\000t\000r\000u\000c\000t\000\040\000Y\000a\000p\001\061\000s\001\061}{}% 111
\BOOKMARK [1][-]{section.4.1}{\376\377\000P\000r\000o\000s\000e\000s\000\040\000K\000a\000v\000r\000a\000m\001\061}{chapter.4}% 112
\BOOKMARK [1][-]{section.4.2}{\376\377\000P\000r\000o\000s\000e\000s\000\040\000K\000o\000n\000t\000r\000o\000l\000\040\000B\000l\000o\001\037\000u}{chapter.4}% 113
\BOOKMARK [1][-]{section.4.3}{\376\377\000t\000a\000s\000k\000\137\000s\000t\000r\000u\000c\000t\000\040\000Y\000a\000p\001\061\000s\001\061}{chapter.4}% 114
\BOOKMARK [1][-]{section.4.4}{\376\377\000P\000r\000o\000s\000e\000s\000l\000e\000r\000i\000n\000\040\000I\000D\000\040\000D\000e\001\037\000e\000r\000l\000e\000r\000i\000\040\000\050\000P\000I\000D\000\051}{chapter.4}% 115
\BOOKMARK [1][-]{section.4.5}{\376\377\000T\000h\000r\000e\000a\000d\000\040\000K\000a\000v\000r\000a\000m\001\061}{chapter.4}% 116
\BOOKMARK [1][-]{section.4.6}{\376\377\000P\000r\000o\000s\000e\000s\000l\000e\000r\000\040\000A\000r\000a\000s\001\061\000n\000d\000a\000k\000i\000\040\000A\000l\000t\000l\001\061\000k\000-\000\334\000s\000t\000l\000\374\000k\000\040\001\060\000l\000i\001\137\000k\000i\000s\000i}{chapter.4}% 117
\BOOKMARK [1][-]{section.4.7}{\376\377\000t\000a\000s\000k\000\137\000s\000t\000r\000u\000c\000t\000\040\000Y\000a\000p\001\061\000s\001\061\000n\001\061\000n\000\040\000D\000a\000l\000l\001\061\000\040\000B\000u\000d\000a\000k\000l\001\061\000\040\000T\000a\000s\000a\000r\001\061\000m\001\061}{chapter.4}% 118
\BOOKMARK [1][-]{section.4.8}{\376\377\000c\000u\000r\000r\000e\000n\000t\000\040\000M\000a\000k\000r\000o\000s\000u}{chapter.4}% 119
\BOOKMARK [1][-]{section.4.9}{\376\377\000f\000o\000r\000k\000\040\000v\000e\000\040\000p\000t\000h\000r\000e\000a\000d\000\137\000c\000r\000e\000a\000t\000e\000\040\000\307\000a\001\037\000r\001\061\000\040\000Z\000i\000n\000c\000i\000r\000l\000e\000r\000i}{chapter.4}% 120
\BOOKMARK [1][-]{section.4.10}{\376\377\000t\000a\000s\000k\000\137\000s\000t\000r\000u\000c\000t\000\040\000N\000e\000s\000n\000e\000l\000e\000r\000i\000\040\000A\000r\000a\000s\001\061\000n\000d\000a\000k\000i\000\040\001\060\000l\000i\001\137\000k\000i\000l\000e\000r}{chapter.4}% 121
\BOOKMARK [2][-]{subsection.4.10.1}{\376\377\000T\000h\000r\000e\000a\000d\000\040\000L\000i\000s\000t\000e\000s\000i\000:\000\040\000t\000h\000r\000e\000a\000d\000\137\000h\000e\000a\000d\000\040\000/\000\040\000t\000h\000r\000e\000a\000d\000\137\000n\000o\000d\000e}{section.4.10}% 122
\BOOKMARK [2][-]{subsection.4.10.2}{\376\377\000p\000i\000d\000\040\000v\000e\000\040\000t\000g\000i\000d\000\040\000E\000l\000e\000m\000a\000n\000l\000a\000r\001\061}{section.4.10}% 123
\BOOKMARK [2][-]{subsection.4.10.3}{\376\377\000g\000r\000o\000u\000p\000\137\000l\000e\000a\000d\000e\000r\000\040\000G\000\366\000s\000t\000e\000r\000i\000c\000i\000s\000i}{section.4.10}% 124
\BOOKMARK [2][-]{subsection.4.10.4}{\376\377\000r\000e\000a\000l\000\137\000p\000a\000r\000e\000n\000t\000\040\000v\000e\000\040\000p\000a\000r\000e\000n\000t\000\040\000G\000\366\000s\000t\000e\000r\000i\000c\000i\000l\000e\000r\000i}{section.4.10}% 125
\BOOKMARK [2][-]{subsection.4.10.5}{\376\377\000A\000l\000t\000\040\000P\000r\000o\000s\000e\000s\000\040\000L\000i\000s\000t\000e\000s\000i\000:\000\040\000c\000h\000i\000l\000d\000r\000e\000n\000\040\000/\000\040\000s\000i\000b\000l\000i\000n\000g}{section.4.10}% 126
\BOOKMARK [2][-]{subsection.4.10.6}{\376\377\000T\000\374\000m\000\040\000P\000r\000o\000s\000e\000s\000l\000e\000r\000i\000n\000\040\000L\000i\000s\000t\000e\000s\000i\000:\000\040\000t\000a\000s\000k\000s}{section.4.10}% 127
\BOOKMARK [2][-]{subsection.4.10.7}{\376\377\000\326\000z\000e\000t\000:\000\040\000t\000a\000s\000k\000\137\000s\000t\000r\000u\000c\000t\000\040\001\060\000l\000i\001\137\000k\000i\000l\000e\000r\000i}{section.4.10}% 128
\BOOKMARK [2][-]{subsection.4.10.8}{\376\377\000S\001\061\000k\000\040\000S\000o\000r\000u\000l\000a\000n\000\040\000S\000o\000r\000u\000l\000a\000r}{section.4.10}% 129
\BOOKMARK [1][-]{section.4.11}{\376\377\000t\000a\000s\000k\000\137\000s\000t\000r\000u\000c\000t\000\040\000Y\000a\000p\001\061\000s\001\061\000n\000a\000\040\000i\000l\000i\001\137\000k\000i\000n\000\040\000B\000a\001\037\000l\001\061\000\040\000L\000i\000s\000t\000e\000l\000e\000r\000\040\000\334\000z\000e\000r\000i\000n\000d\000e\000\040\000G\000e\000z\000i\000n\000m\000e\000\040\001\060\001\137\000l\000e\000m\000l\000e\000r\000i}{chapter.4}% 130
\BOOKMARK [2][-]{subsection.4.11.1}{\376\377\000G\000e\000l\000i\001\137\000t\000i\000r\000m\000e\000\040\000O\000r\000t\000a\000m\001\061\000n\001\061\000n\000\040\000H\000a\000z\001\061\000r\000l\000a\000n\000m\000a\000s\001\061}{section.4.11}% 131
\BOOKMARK [2][-]{subsection.4.11.2}{\376\377\000D\000e\000r\000l\000e\000m\000e\000\040\000v\000e\000\040\000Y\000\374\000k\000l\000e\000m\000e}{section.4.11}% 132
\BOOKMARK [2][-]{subsection.4.11.3}{\376\377\000\307\000e\000k\000i\000r\000d\000e\000k\000\040\000M\000o\000d\000\374\000l\000\374\000\040\000v\000e\000\040\000A\000y\000g\001\061\000t\000\040\000S\000\374\000r\000\374\000c\000\374\000\040\000K\000a\000v\000r\000a\000m\000l\000a\000r\001\061}{section.4.11}% 133
\BOOKMARK [2][-]{subsection.4.11.4}{\376\377\000A\000y\000g\001\061\000t\000\040\000D\000o\000s\000y\000a\000l\000a\000r\001\061}{section.4.11}% 134
\BOOKMARK [2][-]{subsection.4.11.5}{\376\377\000A\000y\000g\001\061\000t\000\040\000S\000\374\000r\000\374\000c\000\374\000l\000e\000r\000i\000n\000\040\000M\000a\000j\000\366\000r\000\040\000v\000e\000\040\000M\000i\000n\000\366\000r\000\040\000N\000u\000m\000a\000r\000a\000l\000a\000r\001\061}{section.4.11}% 135
\BOOKMARK [2][-]{subsection.4.11.6}{\376\377\001\060\000s\000k\000e\000l\000e\000t\000\040\000K\000a\000r\000a\000k\000t\000e\000r\000\040\000A\000y\000g\001\061\000t\000\040\000S\000\374\000r\000\374\000c\000\374\000s\000\374\000\040\000\326\000r\000n\000e\001\037\000i}{section.4.11}% 136
\BOOKMARK [2][-]{subsection.4.11.7}{\376\377\000R\000C\000U\000\040\000M\000e\000k\000a\000n\000i\000z\000m\000a\000s\001\061\000\040\000i\000l\000e\000\040\000t\000a\000s\000k\000\137\000s\000t\000r\000u\000c\000t\000\040\000L\000i\000s\000t\000e\000l\000e\000r\000i\000n\000i\000n\000\040\000D\000o\000l\000a\001\137\001\061\000l\000m\000a\000s\001\061}{section.4.11}% 137
\BOOKMARK [2][-]{subsection.4.11.8}{\376\377\000T\000\374\000m\000\040\000P\000r\000o\000s\000e\000s\000l\000e\000r\000i\000\040\000D\000o\000l\000a\001\137\000a\000n\000\040\000\307\000e\000k\000i\000r\000d\000e\000k\000\040\000M\000o\000d\000\374\000l\000\374}{section.4.11}% 138
\BOOKMARK [2][-]{subsection.4.11.9}{\376\377\000T\000h\000r\000e\000a\000d\000\040\000L\000i\000s\000t\000e\000s\000i\000n\000i\000\040\000D\000o\000l\000a\001\137\000a\000n\000\040\000A\000y\000g\001\061\000t\000\040\000S\000\374\000r\000\374\000c\000\374\000\040\000\326\000r\000n\000e\001\037\000i}{section.4.11}% 139
\BOOKMARK [1][-]{section.4.12}{\376\377\000T\000\374\000m\000\040\000t\000a\000s\000k\000\137\000s\000t\000r\000u\000c\000t\000\040\000N\000e\000s\000n\000e\000l\000e\000r\000i\000n\000i\000\040\000D\000o\000l\000a\001\137\000m\000a}{chapter.4}% 140
\BOOKMARK [2][-]{subsection.4.12.1}{\376\377\000A\000l\000t\000\040\000P\000r\000o\000s\000e\000s\000\040\000L\000i\000s\000t\000e\000s\000i\000n\000i\000\040\000D\000o\000l\000a\001\137\000m\000a}{section.4.12}% 141
\BOOKMARK [1][-]{section.4.13}{\376\377\000P\000I\000D\000\040\000T\000a\000h\000s\000i\000s\000a\000t\001\061}{chapter.4}% 142
\BOOKMARK [2][-]{subsection.4.13.1}{\376\377\000P\000I\000D\000\040\000\334\000r\000e\000t\000i\000m\000\040\000M\000e\000k\000a\000n\000i\000z\000m\000a\000s\001\061\000n\001\061\000n\000\040\000T\000a\000r\000i\000h\000s\000e\000l\000\040\000G\000e\000l\000i\001\137\000i\000m\000i}{section.4.13}% 143
\BOOKMARK [2][-]{subsection.4.13.2}{\376\377\000M\000a\000k\000s\000i\000m\000u\000m\000\040\000P\000I\000D\000\040\000D\000e\001\037\000e\000r\000i}{section.4.13}% 144
\BOOKMARK [1][-]{section.4.14}{\376\377\000P\000I\000D\040\031\000d\000e\000n\000\040\000t\000a\000s\000k\000\137\000s\000t\000r\000u\000c\000t\000\040\000N\000e\000s\000n\000e\000s\000i\000n\000e\000\040\000H\001\061\000z\000l\001\061\000\040\000E\000r\000i\001\137\000i\000m}{chapter.4}% 145
\BOOKMARK [2][-]{subsection.4.14.1}{\376\377\0002\000.\0006\000\040\000V\000e\000r\000s\000i\000y\000o\000n\000u\000:\000\040\000p\000i\000d\000\040\000N\000e\000s\000n\000e\000s\000i\000\040\000v\000e\000\040\000B\000a\001\037\000l\001\061\000\040\000L\000i\000s\000t\000e\000l\000e\000r}{section.4.14}% 146
\BOOKMARK [2][-]{subsection.4.14.2}{\376\377\000p\000i\000d\000\137\000t\000y\000p\000e\000\040\000E\000n\000u\000m\000\040\000D\000e\001\037\000e\000r\000l\000e\000r\000i\000\040\000v\000e\000\040\000B\000a\001\037\000l\001\061\000\040\000L\000i\000s\000t\000e\000l\000e\000r}{section.4.14}% 147
\BOOKMARK [2][-]{subsection.4.14.3}{\376\377\0004\000.\0002\0000\000\040\000V\000e\000r\000s\000i\000y\000o\000n\000u\000:\000\040\000H\000a\000s\000h\000\040\000T\000a\000b\000l\000o\000s\000u\000n\000d\000a\000n\000\040\000X\000A\000r\000r\000a\000y\040\031\000e\000\040\000G\000e\000\347\000i\001\137}{section.4.14}% 148
\BOOKMARK [2][-]{subsection.4.14.4}{\376\377\000R\000a\000d\000i\000x\000\040\000A\001\037\000a\000\347\000l\000a\000r\001\061\000n\001\061\000n\000\040\000K\000u\000l\000l\000a\000n\001\061\000l\000m\000a\000s\001\061}{section.4.14}% 149
\BOOKMARK [2][-]{subsection.4.14.5}{\376\377\000Y\000a\000p\000r\000a\000k\000l\000a\000r\000d\000a\000\040\000D\000e\001\037\000e\000r\000\040\000S\000a\000k\000l\000a\000m\000a\000\040\000Y\000\366\000n\000t\000e\000m\000i}{section.4.14}% 150
\BOOKMARK [2][-]{subsection.4.14.6}{\376\377\000D\000a\000l\000l\000a\000n\000m\000a\000\040\000F\000a\000k\000t\000\366\000r\000\374\000:\000\040\000n\000-\000l\000i\000\040\000A\001\037\000a\000\347}{section.4.14}% 151
\BOOKMARK [2][-]{subsection.4.14.7}{\376\377\000G\000\374\000n\000c\000e\000l\000\040\000\307\000e\000k\000i\000r\000d\000e\000k\000:\000\040\000p\000i\000d\000\040\000A\000r\000a\000m\000a\000s\001\061\000\040\000\050\0004\000.\0002\0000\000+\000\051}{section.4.14}% 152
\BOOKMARK [2][-]{subsection.4.14.8}{\376\377\000X\000A\000r\000r\000a\000y\000\040\000G\000e\000r\000\347\000e\000k\000l\000e\001\137\000t\000i\000r\000i\000m\000i}{section.4.14}% 153
\BOOKMARK [0][-]{chapter.5}{\376\377\000L\000i\000n\000u\000x\000\040\000\307\000e\000k\000i\000r\000d\000e\001\037\000i\000n\000d\000e\000\040\000D\000o\000s\000y\000a\000\040\000S\000i\000s\000t\000e\000m\000i\000\040\000-\000\040\000I\000.\000\040\000B\000\366\000l\000\374\000m}{}% 154
\BOOKMARK [1][-]{section.5.1}{\376\377\000G\000i\000r\000i\001\137}{chapter.5}% 155
\BOOKMARK [1][-]{section.5.2}{\376\377\000D\000i\000s\000k\000\040\000A\000k\000t\000a\000r\001\061\000m\001\061\000n\000a\000\040\001\060\000l\000i\001\137\000k\000i\000n\000\040\000T\000e\000m\000e\000l\000\040\000B\000i\000l\000g\000i\000l\000e\000r}{chapter.5}% 156
\BOOKMARK [2][-]{subsection.5.2.1}{\376\377\000S\000e\000k\000t\000\366\000r\000l\000e\000r\000\040\000v\000e\000\040\000D\000i\000s\000k\000\040\000D\000e\000n\000e\000t\000l\000e\000y\000i\000c\000i\000s\000i}{section.5.2}% 157
\BOOKMARK [2][-]{subsection.5.2.2}{\376\377\000D\000M\000A\000\040\000\050\000D\000i\000r\000e\000c\000t\000\040\000M\000e\000m\000o\000r\000y\000\040\000A\000c\000c\000e\000s\000s\000\051}{section.5.2}% 158
\BOOKMARK [2][-]{subsection.5.2.3}{\376\377\000B\000l\000o\000k\000\040\000K\000a\000v\000r\000a\000m\001\061}{section.5.2}% 159
\BOOKMARK [2][-]{subsection.5.2.4}{\376\377\000M\000o\000u\000n\000t\000\040\001\060\001\137\000l\000e\000m\000i}{section.5.2}% 160
\BOOKMARK [2][-]{subsection.5.2.5}{\376\377\000B\000l\000o\000k\000\040\000N\000u\000m\000a\000r\000a\000l\000a\000n\000d\001\061\000r\000m\000a\000s\001\061}{section.5.2}% 161
\BOOKMARK [2][-]{subsection.5.2.6}{\376\377\000S\000a\000y\000f\000a\000\040\000\326\000n\000b\000e\000l\000l\000e\001\037\000i\000\040\000\050\000P\000a\000g\000e\000\040\000C\000a\000c\000h\000e\000\051}{section.5.2}% 162
\BOOKMARK [1][-]{section.5.3}{\376\377\000D\000o\000s\000y\000a\000l\000a\000r\000d\000a\000n\000\040\000O\000k\000u\000m\000a\000\040\000v\000e\000\040\000Y\000a\000z\000m\000a\000\040\001\060\001\137\000l\000e\000m\000l\000e\000r\000i}{chapter.5}% 163
\BOOKMARK [2][-]{subsection.5.3.1}{\376\377\000Y\000a\000z\000m\000a\000\040\001\060\001\137\000l\000e\000m\000i\000n\000i\000n\000\040\000A\000y\000r\001\061\000n\000t\001\061\000l\000a\000r\001\061}{section.5.3}% 164
\BOOKMARK [2][-]{subsection.5.3.2}{\376\377\000G\000e\000c\000i\000k\000m\000e\000l\000i\000\040\000Y\000a\000z\001\061\000m\000\040\000v\000e\000\040\000F\000l\000u\000s\000h\000\040\000T\000h\000r\000e\000a\000d\040\031\000l\000e\000r\000i}{section.5.3}% 165
\BOOKMARK [2][-]{subsection.5.3.3}{\376\377\000F\000l\000u\000s\000h\000\040\000T\000h\000r\000e\000a\000d\000\040\000P\000a\000r\000a\000m\000e\000t\000r\000e\000l\000e\000r\000i}{section.5.3}% 166
\BOOKMARK [2][-]{subsection.5.3.4}{\376\377\000G\000e\000c\000i\000k\000m\000e\000l\000i\000\040\000Y\000a\000z\001\061\000m\001\061\000n\000\040\000G\000e\000r\000e\000k\000\347\000e\000l\000e\000r\000i}{section.5.3}% 167
\BOOKMARK [2][-]{subsection.5.3.5}{\376\377\000K\000i\000r\000l\000e\000n\000m\000i\001\137\000\040\000S\000a\000y\000f\000a\000l\000a\000r\001\061\000n\000\040\000E\000r\000k\000e\000n\000\040\000T\000e\000m\000i\000z\000l\000e\000n\000m\000e\000s\000i}{section.5.3}% 168
\BOOKMARK [2][-]{subsection.5.3.6}{\376\377\000s\000y\000n\000c\000,\000\040\000f\000s\000y\000n\000c\000\040\000v\000e\000\040\001\060\000l\000g\000i\000l\000i\000\040\000A\000\347\001\061\001\137\000\040\000B\000a\000y\000r\000a\000k\000l\000a\000r\001\061}{section.5.3}% 169
\BOOKMARK [2][-]{subsection.5.3.7}{\376\377\000C\000\040\000S\000t\000a\000n\000d\000a\000r\000t\000\040\000K\000\374\000t\000\374\000p\000h\000a\000n\000e\000s\000i\000n\000i\000n\000\040\000R\000o\000l\000\374}{section.5.3}% 170
\BOOKMARK [1][-]{section.5.4}{\376\377\000\307\000e\000k\000i\000r\000d\000e\000k\000t\000e\000k\000i\000\040\000D\000o\000s\000y\000a\000\040\001\060\001\137\000l\000e\000m\000i\000\040\000V\000e\000r\000i\000\040\000Y\000a\000p\001\061\000l\000a\000r\001\061}{chapter.5}% 171
\BOOKMARK [1][-]{section.5.5}{\376\377\000t\000a\000s\000k\000\137\000s\000t\000r\000u\000c\000t\000\040\001\060\000\347\000e\000r\000i\000s\000i\000n\000d\000e\000k\000i\000\040\000D\000o\000s\000y\000a\000\040\000S\000i\000s\000t\000e\000m\000i\000n\000e\000\040\001\060\000l\000i\001\137\000k\000i\000n\000\040\000V\000e\000r\000i\000\040\000Y\000a\000p\001\061\000l\000a\000r\001\061}{chapter.5}% 172
\BOOKMARK [2][-]{subsection.5.5.1}{\376\377\000f\000s\000\137\000s\000t\000r\000u\000c\000t\000\040\000Y\000a\000p\001\061\000s\001\061}{section.5.5}% 173
\BOOKMARK [1][-]{section.5.6}{\376\377\000f\000i\000l\000e\000s\000\137\000s\000t\000r\000u\000c\000t\000\040\000Y\000a\000p\001\061\000s\001\061}{chapter.5}% 174
\BOOKMARK [1][-]{section.5.7}{\376\377\000D\000o\000s\000y\000a\000\040\000N\000e\000s\000n\000e\000s\000i\000\040\000\050\000s\000t\000r\000u\000c\000t\000\040\000f\000i\000l\000e\000\051}{chapter.5}% 175
\BOOKMARK [1][-]{section.5.8}{\376\377\000D\000o\000s\000y\000a\000\040\000B\000e\000t\000i\000m\000l\000e\000y\000i\000c\000i\000\040\000T\000a\000b\000l\000o\000s\000u}{chapter.5}% 176
\BOOKMARK [2][-]{subsection.5.8.1}{\376\377\001\060\000l\000k\000\040\000B\000o\001\137\000\040\000B\000e\000t\000i\000m\000l\000e\000y\000i\000c\000i\000n\000i\000n\000\040\000B\000u\000l\000u\000n\000m\000a\000s\001\061}{section.5.8}% 177
\BOOKMARK [2][-]{subsection.5.8.2}{\376\377\000B\000i\000t\000m\000a\000p\000\040\000T\000a\000b\000a\000n\000l\001\061\000\040\000H\001\061\000z\000l\001\061\000\040\000A\000r\000a\000m\000a}{section.5.8}% 178
\BOOKMARK [1][-]{section.5.9}{\376\377\0002\000.\0006\000\040\000\307\000e\000k\000i\000r\000d\000e\001\037\000i\000n\000d\000e\000\040\000f\000i\000l\000e\000s\000\137\000s\000t\000r\000u\000c\000t\000\040\000v\000e\000\040\000f\000d\000t\000a\000b\000l\000e}{chapter.5}% 179
\BOOKMARK [1][-]{section.5.10}{\376\377\000G\000\374\000n\000c\000e\000l\000\040\000\307\000e\000k\000i\000r\000d\000e\000k\000l\000e\000r\000d\000e\000k\000i\000\040\000D\000o\000s\000y\000a\000\040\000V\000e\000r\000i\000\040\000Y\000a\000p\001\061\000l\000a\000r\001\061}{chapter.5}% 180
\BOOKMARK [1][-]{section.5.11}{\376\377\000T\000h\000r\000e\000a\000d\040\031\000l\000e\000r\000,\000\040\000F\000o\000r\000k\000\040\000v\000e\000\040\000D\000o\000s\000y\000a\000\040\000B\000e\000t\000i\000m\000l\000e\000y\000i\000c\000i\000l\000e\000r\000i}{chapter.5}% 181
\BOOKMARK [1][-]{section.5.12}{\376\377\000D\000o\000s\000y\000a\000\040\000S\000i\000s\000t\000e\000m\000i\000\040\000T\000e\000m\000e\000l\000\040\000N\000e\000s\000n\000e\000l\000e\000r\000i}{chapter.5}% 182
\BOOKMARK [2][-]{subsection.5.12.1}{\376\377\000D\000o\000s\000y\000a\000\040\000N\000e\000s\000n\000e\000s\000i\000,\000\040\000i\000n\000o\000d\000e\000\040\000N\000e\000s\000n\000e\000s\000i\000\040\000v\000e\000\040\000d\000e\000n\000t\000r\000y\000\040\000N\000e\000s\000n\000e\000s\000i}{section.5.12}% 183
\BOOKMARK [2][-]{subsection.5.12.2}{\376\377\000N\000e\000s\000n\000e\000l\000e\000r\000\040\000A\000r\000a\000s\001\061\000\040\001\060\000l\000i\001\137\000k\000i}{section.5.12}% 184
\BOOKMARK [2][-]{subsection.5.12.3}{\376\377\000D\000o\000s\000y\000a\000\040\000N\000e\000s\000n\000e\000s\000i\000\040\000E\000l\000e\000m\000a\000n\000l\000a\000r\001\061}{section.5.12}% 185
\BOOKMARK [1][-]{section.5.13}{\376\377\000i\000n\000o\000d\000e\000\040\000v\000e\000\040\000d\000e\000n\000t\000r\000y\000\040\000\326\000n\000b\000e\000l\000l\000e\000k\000l\000e\000r\000i}{chapter.5}% 186
\BOOKMARK [1][-]{section.5.14}{\376\377\000o\000p\000e\000n\000\050\000\051\000\040\000F\000o\000n\000k\000s\000i\000y\000o\000n\000u\000n\000u\000n\000\040\001\060\001\137\000l\000e\000y\000i\001\137\000i}{chapter.5}% 187
\BOOKMARK [1][-]{section.5.15}{\376\377\000P\000r\000o\000s\000e\000s\000i\000n\000\040\000K\000\366\000k\000\040\000v\000e\000\040\000\307\000a\000l\001\061\001\137\000m\000a\000\040\000D\000i\000z\000i\000n\000i}{chapter.5}% 188
\BOOKMARK [1][-]{section.5.16}{\376\377\000D\000o\000s\000y\000a\000\040\000S\000i\000s\000t\000e\000m\000i\000\040\000V\000e\000r\000i\000\040\000Y\000a\000p\001\061\000l\000a\000r\001\061\000n\000a\000\040\001\060\000l\000i\001\137\000k\000i\000n\000\040\000T\000e\000s\000t\000l\000e\000r}{chapter.5}% 189
\BOOKMARK [2][-]{subsection.5.16.1}{\376\377\000i\000o\000c\000t\000l\000\137\000t\000e\000s\000t\0001\000\040\000v\000e\000\040\000i\000o\000c\000t\000l\000\137\000t\000e\000s\000t\0002\000:\000\040\000D\000o\000s\000y\000a\000\040\000G\000\366\000s\000t\000e\000r\000i\000c\000i\000s\000i\000n\000i\000\040\000O\000k\000u\000m\000a}{section.5.16}% 190
\BOOKMARK [2][-]{subsection.5.16.2}{\376\377\000d\000u\000p\000\040\000G\000e\000r\000\347\000e\000k\000l\000e\001\137\000t\000i\000r\000i\000m\000i\000:\000\040\000i\000o\000c\000t\000l\000\137\000t\000e\000s\000t\0003}{section.5.16}% 191
\BOOKMARK [2][-]{subsection.5.16.3}{\376\377\000Y\000\374\000k\000s\000e\000k\000\040\000S\000e\000v\000i\000y\000e\000l\000i\000\040\000F\000o\000n\000k\000s\000i\000y\000o\000n\000l\000a\000r\000l\000a\000\040\000d\000u\000p\000:\000\040\000i\000o\000c\000t\000l\000\137\000t\000e\000s\000t\0004}{section.5.16}% 192
\BOOKMARK [2][-]{subsection.5.16.4}{\376\377\000T\000a\000m\000\040\000S\000\374\000r\000\374\000c\000\374\000\040\000K\000o\000d\000u}{section.5.16}% 193
